2025-03-04 10:30:47.6633 | INFO | HelloGreetingApplication.Program | Application Starting... 
2025-03-04 10:30:50.0310 | INFO | Microsoft.Hosting.Lifetime | Now listening on: https://localhost:7193 
2025-03-04 10:30:50.0310 | INFO | Microsoft.Hosting.Lifetime | Now listening on: http://localhost:5161 
2025-03-04 10:30:50.1237 | INFO | Microsoft.Hosting.Lifetime | Application started. Press Ctrl+C to shut down. 
2025-03-04 10:30:50.1237 | INFO | Microsoft.Hosting.Lifetime | Hosting environment: Development 
2025-03-04 10:30:50.1237 | INFO | Microsoft.Hosting.Lifetime | Content root path: E:\HelloGreetingApplication\HelloGreetingApplication\ 
2025-03-04 10:30:51.6391 | INFO | Microsoft.AspNetCore.Hosting.Diagnostics | Request starting HTTP/2 GET https://localhost:7193/swagger - - 
2025-03-04 10:30:52.3783 | INFO | Microsoft.AspNetCore.Hosting.Diagnostics | Request finished HTTP/2 GET https://localhost:7193/swagger - - - 301 0 - 750.2300ms 
2025-03-04 10:30:52.4368 | INFO | Microsoft.AspNetCore.Hosting.Diagnostics | Request starting HTTP/2 GET https://localhost:7193/swagger/index.html - - 
2025-03-04 10:30:52.7102 | INFO | Microsoft.AspNetCore.Hosting.Diagnostics | Request finished HTTP/2 GET https://localhost:7193/swagger/index.html - - - 200 - text/html;charset=utf-8 275.7454ms 
2025-03-04 10:30:52.8158 | INFO | Microsoft.AspNetCore.Hosting.Diagnostics | Request starting HTTP/2 GET https://localhost:7193/swagger/swagger-ui.css - - 
2025-03-04 10:30:52.8305 | INFO | Microsoft.AspNetCore.Hosting.Diagnostics | Request starting HTTP/2 GET https://localhost:7193/swagger/index.css - - 
2025-03-04 10:30:52.8305 | INFO | Microsoft.AspNetCore.Hosting.Diagnostics | Request starting HTTP/2 GET https://localhost:7193/swagger/swagger-ui-standalone-preset.js - - 
2025-03-04 10:30:52.8305 | INFO | Microsoft.AspNetCore.Hosting.Diagnostics | Request starting HTTP/2 GET https://localhost:7193/swagger/swagger-ui-bundle.js - - 
2025-03-04 10:30:52.8305 | INFO | Microsoft.AspNetCore.Hosting.Diagnostics | Request starting HTTP/2 GET https://localhost:7193/_framework/aspnetcore-browser-refresh.js - - 
2025-03-04 10:30:52.8988 | INFO | Microsoft.AspNetCore.Hosting.Diagnostics | Request starting HTTP/2 GET https://localhost:7193/swagger/index.js - - 
2025-03-04 10:30:52.9131 | INFO | Microsoft.AspNetCore.Hosting.Diagnostics | Request finished HTTP/2 GET https://localhost:7193/swagger/index.js - - - 200 - application/javascript;charset=utf-8 17.6366ms 
2025-03-04 10:30:52.9286 | INFO | Microsoft.AspNetCore.Hosting.Diagnostics | Request finished HTTP/2 GET https://localhost:7193/_framework/aspnetcore-browser-refresh.js - - - 200 12380 application/javascript;+charset=utf-8 96.6675ms 
2025-03-04 10:30:52.9286 | INFO | Microsoft.AspNetCore.StaticFiles.StaticFileMiddleware | Sending file. Request path: '/index.css'. Physical path: 'N/A' 
2025-03-04 10:30:53.0959 | INFO | Microsoft.AspNetCore.Hosting.Diagnostics | Request finished HTTP/2 GET https://localhost:7193/swagger/index.css - - - 200 202 text/css 265.2328ms 
2025-03-04 10:30:53.1369 | INFO | Microsoft.AspNetCore.StaticFiles.StaticFileMiddleware | Sending file. Request path: '/swagger-ui.css'. Physical path: 'N/A' 
2025-03-04 10:30:53.1369 | INFO | Microsoft.AspNetCore.StaticFiles.StaticFileMiddleware | Sending file. Request path: '/swagger-ui-standalone-preset.js'. Physical path: 'N/A' 
2025-03-04 10:30:53.1488 | INFO | Microsoft.AspNetCore.Hosting.Diagnostics | Request finished HTTP/2 GET https://localhost:7193/swagger/swagger-ui-standalone-preset.js - - - 200 229223 application/javascript 317.2424ms 
2025-03-04 10:30:53.1621 | INFO | Microsoft.AspNetCore.Hosting.Diagnostics | Request finished HTTP/2 GET https://localhost:7193/swagger/swagger-ui.css - - - 200 154948 text/css 362.6044ms 
2025-03-04 10:30:53.4086 | INFO | Microsoft.AspNetCore.StaticFiles.StaticFileMiddleware | Sending file. Request path: '/swagger-ui-bundle.js'. Physical path: 'N/A' 
2025-03-04 10:30:53.4086 | INFO | Microsoft.AspNetCore.Hosting.Diagnostics | Request finished HTTP/2 GET https://localhost:7193/swagger/swagger-ui-bundle.js - - - 200 1466324 application/javascript 578.3264ms 
2025-03-04 10:30:53.5371 | INFO | Microsoft.AspNetCore.Hosting.Diagnostics | Request starting HTTP/2 GET https://localhost:7193/_vs/browserLink - - 
2025-03-04 10:30:53.9379 | INFO | Microsoft.AspNetCore.Hosting.Diagnostics | Request finished HTTP/2 GET https://localhost:7193/_vs/browserLink - - - 200 - text/javascript;+charset=UTF-8 391.8047ms 
2025-03-04 10:30:55.4217 | INFO | Microsoft.AspNetCore.Hosting.Diagnostics | Request starting HTTP/2 GET https://localhost:7193/swagger/v1/swagger.json - - 
2025-03-04 10:30:55.4687 | INFO | Microsoft.AspNetCore.Hosting.Diagnostics | Request finished HTTP/2 GET https://localhost:7193/swagger/v1/swagger.json - - - 200 - application/json;charset=utf-8 47.0455ms 
2025-03-04 10:30:55.4775 | INFO | Microsoft.AspNetCore.Hosting.Diagnostics | Request starting HTTP/2 GET https://localhost:7193/swagger/favicon-32x32.png - - 
2025-03-04 10:30:55.4775 | INFO | Microsoft.AspNetCore.StaticFiles.StaticFileMiddleware | Sending file. Request path: '/favicon-32x32.png'. Physical path: 'N/A' 
2025-03-04 10:30:55.4775 | INFO | Microsoft.AspNetCore.Hosting.Diagnostics | Request finished HTTP/2 GET https://localhost:7193/swagger/favicon-32x32.png - - - 200 628 image/png 4.9765ms 
2025-03-04 10:31:24.1916 | INFO | Microsoft.AspNetCore.Hosting.Diagnostics | Request starting HTTP/2 GET https://localhost:7193/HelloGreeting - - 
2025-03-04 10:31:24.2660 | INFO | Microsoft.AspNetCore.Routing.EndpointMiddleware | Executing endpoint 'HelloGreetingApplication.Controllers.HelloGreetingController.Get (HelloGreetingApplication)' 
2025-03-04 10:31:24.3008 | INFO | Microsoft.AspNetCore.Mvc.Infrastructure.ControllerActionInvoker | Route matched with {action = "Get", controller = "HelloGreeting"}. Executing controller action with signature Microsoft.AspNetCore.Mvc.IActionResult Get() on controller HelloGreetingApplication.Controllers.HelloGreetingController (HelloGreetingApplication). 
2025-03-04 10:31:24.3241 | INFO | Microsoft.AspNetCore.Mvc.Infrastructure.ObjectResultExecutor | Executing OkObjectResult, writing value of type 'ModelLayer.Model.ResponseModel`1[[System.String, System.Private.CoreLib, Version=6.0.0.0, Culture=neutral, PublicKeyToken=7cec85d7bea7798e]]'. 
2025-03-04 10:31:24.3501 | INFO | Microsoft.AspNetCore.Mvc.Infrastructure.ControllerActionInvoker | Executed action HelloGreetingApplication.Controllers.HelloGreetingController.Get (HelloGreetingApplication) in 34.8938ms 
2025-03-04 10:31:24.3501 | INFO | Microsoft.AspNetCore.Routing.EndpointMiddleware | Executed endpoint 'HelloGreetingApplication.Controllers.HelloGreetingController.Get (HelloGreetingApplication)' 
2025-03-04 10:31:24.3501 | INFO | Microsoft.AspNetCore.Hosting.Diagnostics | Request finished HTTP/2 GET https://localhost:7193/HelloGreeting - - - 200 - application/json;+charset=utf-8 158.1415ms 
2025-03-04 10:31:48.7223 | INFO | Microsoft.AspNetCore.Hosting.Diagnostics | Request starting HTTP/2 POST https://localhost:7193/HelloGreeting application/json 33 
2025-03-04 10:31:48.7268 | INFO | Microsoft.AspNetCore.Routing.EndpointMiddleware | Executing endpoint 'HelloGreetingApplication.Controllers.HelloGreetingController.Post (HelloGreetingApplication)' 
2025-03-04 10:31:48.7581 | INFO | Microsoft.AspNetCore.Mvc.Infrastructure.ControllerActionInvoker | Route matched with {action = "Post", controller = "HelloGreeting"}. Executing controller action with signature Microsoft.AspNetCore.Mvc.IActionResult Post(ModelLayer.Model.RequestModel) on controller HelloGreetingApplication.Controllers.HelloGreetingController (HelloGreetingApplication). 
2025-03-04 10:31:48.8470 | INFO | Microsoft.AspNetCore.Mvc.Infrastructure.ObjectResultExecutor | Executing OkObjectResult, writing value of type 'ModelLayer.Model.ResponseModel`1[[System.String, System.Private.CoreLib, Version=6.0.0.0, Culture=neutral, PublicKeyToken=7cec85d7bea7798e]]'. 
2025-03-04 10:31:48.8470 | INFO | Microsoft.AspNetCore.Mvc.Infrastructure.ControllerActionInvoker | Executed action HelloGreetingApplication.Controllers.HelloGreetingController.Post (HelloGreetingApplication) in 90.7688ms 
2025-03-04 10:31:48.8470 | INFO | Microsoft.AspNetCore.Routing.EndpointMiddleware | Executed endpoint 'HelloGreetingApplication.Controllers.HelloGreetingController.Post (HelloGreetingApplication)' 
2025-03-04 10:31:48.8470 | INFO | Microsoft.AspNetCore.Hosting.Diagnostics | Request finished HTTP/2 POST https://localhost:7193/HelloGreeting application/json 33 - 200 - application/json;+charset=utf-8 131.8750ms 
2025-03-04 10:32:12.0951 | INFO | Microsoft.AspNetCore.Hosting.Diagnostics | Request starting HTTP/2 PUT https://localhost:7193/HelloGreeting application/json 33 
2025-03-04 10:32:12.0951 | INFO | Microsoft.AspNetCore.Routing.EndpointMiddleware | Executing endpoint 'HelloGreetingApplication.Controllers.HelloGreetingController.Put (HelloGreetingApplication)' 
2025-03-04 10:32:12.0951 | INFO | Microsoft.AspNetCore.Mvc.Infrastructure.ControllerActionInvoker | Route matched with {action = "Put", controller = "HelloGreeting"}. Executing controller action with signature Microsoft.AspNetCore.Mvc.IActionResult Put(ModelLayer.Model.RequestModel) on controller HelloGreetingApplication.Controllers.HelloGreetingController (HelloGreetingApplication). 
2025-03-04 10:32:12.1151 | INFO | Microsoft.AspNetCore.Mvc.Infrastructure.ObjectResultExecutor | Executing OkObjectResult, writing value of type 'ModelLayer.Model.ResponseModel`1[[System.String, System.Private.CoreLib, Version=6.0.0.0, Culture=neutral, PublicKeyToken=7cec85d7bea7798e]]'. 
2025-03-04 10:32:12.1151 | INFO | Microsoft.AspNetCore.Mvc.Infrastructure.ControllerActionInvoker | Executed action HelloGreetingApplication.Controllers.HelloGreetingController.Put (HelloGreetingApplication) in 20.4462ms 
2025-03-04 10:32:12.1151 | INFO | Microsoft.AspNetCore.Routing.EndpointMiddleware | Executed endpoint 'HelloGreetingApplication.Controllers.HelloGreetingController.Put (HelloGreetingApplication)' 
2025-03-04 10:32:12.1151 | INFO | Microsoft.AspNetCore.Hosting.Diagnostics | Request finished HTTP/2 PUT https://localhost:7193/HelloGreeting application/json 33 - 200 - application/json;+charset=utf-8 33.1176ms 
2025-03-04 10:32:37.2477 | INFO | Microsoft.AspNetCore.Hosting.Diagnostics | Request starting HTTP/2 PATCH https://localhost:7193/HelloGreeting application/json 33 
2025-03-04 10:32:37.2477 | INFO | Microsoft.AspNetCore.Routing.EndpointMiddleware | Executing endpoint 'HelloGreetingApplication.Controllers.HelloGreetingController.Patch (HelloGreetingApplication)' 
2025-03-04 10:32:37.2583 | INFO | Microsoft.AspNetCore.Mvc.Infrastructure.ControllerActionInvoker | Route matched with {action = "Patch", controller = "HelloGreeting"}. Executing controller action with signature Microsoft.AspNetCore.Mvc.IActionResult Patch(ModelLayer.Model.RequestModel) on controller HelloGreetingApplication.Controllers.HelloGreetingController (HelloGreetingApplication). 
2025-03-04 10:32:37.2583 | INFO | Microsoft.AspNetCore.Mvc.Infrastructure.ObjectResultExecutor | Executing OkObjectResult, writing value of type 'ModelLayer.Model.ResponseModel`1[[System.String, System.Private.CoreLib, Version=6.0.0.0, Culture=neutral, PublicKeyToken=7cec85d7bea7798e]]'. 
2025-03-04 10:32:37.2583 | INFO | Microsoft.AspNetCore.Mvc.Infrastructure.ControllerActionInvoker | Executed action HelloGreetingApplication.Controllers.HelloGreetingController.Patch (HelloGreetingApplication) in 9.7085ms 
2025-03-04 10:32:37.2583 | INFO | Microsoft.AspNetCore.Routing.EndpointMiddleware | Executed endpoint 'HelloGreetingApplication.Controllers.HelloGreetingController.Patch (HelloGreetingApplication)' 
2025-03-04 10:32:37.2583 | INFO | Microsoft.AspNetCore.Hosting.Diagnostics | Request finished HTTP/2 PATCH https://localhost:7193/HelloGreeting application/json 33 - 200 - application/json;+charset=utf-8 25.3821ms 
2025-03-04 10:35:05.5635 | INFO | HelloGreetingApplication.Program | Application Starting... 
2025-03-04 10:35:07.3513 | INFO | Microsoft.Hosting.Lifetime | Now listening on: https://localhost:7193 
2025-03-04 10:35:07.3513 | INFO | Microsoft.Hosting.Lifetime | Now listening on: http://localhost:5161 
2025-03-04 10:35:07.4407 | INFO | Microsoft.Hosting.Lifetime | Application started. Press Ctrl+C to shut down. 
2025-03-04 10:35:07.4407 | INFO | Microsoft.Hosting.Lifetime | Hosting environment: Development 
2025-03-04 10:35:07.4407 | INFO | Microsoft.Hosting.Lifetime | Content root path: E:\HelloGreetingApplication\HelloGreetingApplication\ 
2025-03-04 10:35:08.7699 | INFO | Microsoft.AspNetCore.Hosting.Diagnostics | Request starting HTTP/2 GET https://localhost:7193/swagger/index.html - - 
2025-03-04 10:35:09.4141 | INFO | Microsoft.AspNetCore.Hosting.Diagnostics | Request finished HTTP/2 GET https://localhost:7193/swagger/index.html - - - 200 - text/html;charset=utf-8 646.7539ms 
2025-03-04 10:35:09.4564 | INFO | Microsoft.AspNetCore.Hosting.Diagnostics | Request starting HTTP/2 GET https://localhost:7193/swagger/index.js - - 
2025-03-04 10:35:09.4564 | INFO | Microsoft.AspNetCore.Hosting.Diagnostics | Request starting HTTP/2 GET https://localhost:7193/_framework/aspnetcore-browser-refresh.js - - 
2025-03-04 10:35:09.5552 | INFO | Microsoft.AspNetCore.Hosting.Diagnostics | Request finished HTTP/2 GET https://localhost:7193/_framework/aspnetcore-browser-refresh.js - - - 200 12380 application/javascript;+charset=utf-8 98.7743ms 
2025-03-04 10:35:09.5552 | INFO | Microsoft.AspNetCore.Hosting.Diagnostics | Request finished HTTP/2 GET https://localhost:7193/swagger/index.js - - - 200 - application/javascript;charset=utf-8 103.9068ms 
2025-03-04 10:35:10.1904 | INFO | Microsoft.AspNetCore.Hosting.Diagnostics | Request starting HTTP/2 GET https://localhost:7193/_vs/browserLink - - 
2025-03-04 10:35:10.3994 | INFO | Microsoft.AspNetCore.Hosting.Diagnostics | Request finished HTTP/2 GET https://localhost:7193/_vs/browserLink - - - 200 - text/javascript;+charset=UTF-8 209.0057ms 
2025-03-04 10:35:11.7261 | INFO | Microsoft.AspNetCore.Hosting.Diagnostics | Request starting HTTP/2 GET https://localhost:7193/swagger/v1/swagger.json - - 
2025-03-04 10:35:11.7261 | INFO | Microsoft.AspNetCore.Hosting.Diagnostics | Request finished HTTP/2 GET https://localhost:7193/swagger/v1/swagger.json - - - 200 - application/json;charset=utf-8 10.0277ms 
2025-03-04 10:35:20.9841 | INFO | Microsoft.AspNetCore.Hosting.Diagnostics | Request starting HTTP/2 GET https://localhost:7193/HelloGreeting - - 
2025-03-04 10:35:21.0057 | INFO | Microsoft.AspNetCore.Routing.EndpointMiddleware | Executing endpoint 'HelloGreetingApplication.Controllers.HelloGreetingController.Get (HelloGreetingApplication)' 
2025-03-04 10:35:21.0324 | INFO | Microsoft.AspNetCore.Mvc.Infrastructure.ControllerActionInvoker | Route matched with {action = "Get", controller = "HelloGreeting"}. Executing controller action with signature Microsoft.AspNetCore.Mvc.IActionResult Get() on controller HelloGreetingApplication.Controllers.HelloGreetingController (HelloGreetingApplication). 
2025-03-04 10:35:21.0379 | INFO | Microsoft.AspNetCore.Mvc.Infrastructure.ObjectResultExecutor | Executing OkObjectResult, writing value of type 'ModelLayer.Model.ResponseModel`1[[System.String, System.Private.CoreLib, Version=6.0.0.0, Culture=neutral, PublicKeyToken=7cec85d7bea7798e]]'. 
2025-03-04 10:35:21.0626 | INFO | Microsoft.AspNetCore.Mvc.Infrastructure.ControllerActionInvoker | Executed action HelloGreetingApplication.Controllers.HelloGreetingController.Get (HelloGreetingApplication) in 17.9067ms 
2025-03-04 10:35:21.0626 | INFO | Microsoft.AspNetCore.Routing.EndpointMiddleware | Executed endpoint 'HelloGreetingApplication.Controllers.HelloGreetingController.Get (HelloGreetingApplication)' 
2025-03-04 10:35:21.0626 | INFO | Microsoft.AspNetCore.Hosting.Diagnostics | Request finished HTTP/2 GET https://localhost:7193/HelloGreeting - - - 200 - application/json;+charset=utf-8 78.3297ms 
2025-03-04 10:35:56.4027 | INFO | Microsoft.AspNetCore.Hosting.Diagnostics | Request starting HTTP/2 POST https://localhost:7193/HelloGreeting application/json 41 
2025-03-04 10:35:56.4146 | INFO | Microsoft.AspNetCore.Routing.EndpointMiddleware | Executing endpoint 'HelloGreetingApplication.Controllers.HelloGreetingController.Post (HelloGreetingApplication)' 
2025-03-04 10:35:56.4438 | INFO | Microsoft.AspNetCore.Mvc.Infrastructure.ControllerActionInvoker | Route matched with {action = "Post", controller = "HelloGreeting"}. Executing controller action with signature Microsoft.AspNetCore.Mvc.IActionResult Post(ModelLayer.Model.RequestModel) on controller HelloGreetingApplication.Controllers.HelloGreetingController (HelloGreetingApplication). 
2025-03-04 10:35:56.5186 | INFO | Microsoft.AspNetCore.Mvc.Infrastructure.ObjectResultExecutor | Executing OkObjectResult, writing value of type 'ModelLayer.Model.ResponseModel`1[[System.String, System.Private.CoreLib, Version=6.0.0.0, Culture=neutral, PublicKeyToken=7cec85d7bea7798e]]'. 
2025-03-04 10:35:56.5186 | INFO | Microsoft.AspNetCore.Mvc.Infrastructure.ControllerActionInvoker | Executed action HelloGreetingApplication.Controllers.HelloGreetingController.Post (HelloGreetingApplication) in 77.4013ms 
2025-03-04 10:35:56.5186 | INFO | Microsoft.AspNetCore.Routing.EndpointMiddleware | Executed endpoint 'HelloGreetingApplication.Controllers.HelloGreetingController.Post (HelloGreetingApplication)' 
2025-03-04 10:35:56.5261 | INFO | Microsoft.AspNetCore.Hosting.Diagnostics | Request finished HTTP/2 POST https://localhost:7193/HelloGreeting application/json 41 - 200 - application/json;+charset=utf-8 113.1707ms 
2025-03-04 10:36:48.1708 | INFO | Microsoft.AspNetCore.Hosting.Diagnostics | Request starting HTTP/2 PUT https://localhost:7193/HelloGreeting application/json 39 
2025-03-04 10:36:48.1708 | INFO | Microsoft.AspNetCore.Routing.EndpointMiddleware | Executing endpoint 'HelloGreetingApplication.Controllers.HelloGreetingController.Put (HelloGreetingApplication)' 
2025-03-04 10:36:48.1829 | INFO | Microsoft.AspNetCore.Mvc.Infrastructure.ControllerActionInvoker | Route matched with {action = "Put", controller = "HelloGreeting"}. Executing controller action with signature Microsoft.AspNetCore.Mvc.IActionResult Put(ModelLayer.Model.RequestModel) on controller HelloGreetingApplication.Controllers.HelloGreetingController (HelloGreetingApplication). 
2025-03-04 10:36:48.1829 | INFO | Microsoft.AspNetCore.Mvc.Infrastructure.ObjectResultExecutor | Executing OkObjectResult, writing value of type 'ModelLayer.Model.ResponseModel`1[[System.String, System.Private.CoreLib, Version=6.0.0.0, Culture=neutral, PublicKeyToken=7cec85d7bea7798e]]'. 
2025-03-04 10:36:48.1829 | INFO | Microsoft.AspNetCore.Mvc.Infrastructure.ControllerActionInvoker | Executed action HelloGreetingApplication.Controllers.HelloGreetingController.Put (HelloGreetingApplication) in 12.5514ms 
2025-03-04 10:36:48.1989 | INFO | Microsoft.AspNetCore.Routing.EndpointMiddleware | Executed endpoint 'HelloGreetingApplication.Controllers.HelloGreetingController.Put (HelloGreetingApplication)' 
2025-03-04 10:36:48.1989 | INFO | Microsoft.AspNetCore.Hosting.Diagnostics | Request finished HTTP/2 PUT https://localhost:7193/HelloGreeting application/json 39 - 200 - application/json;+charset=utf-8 29.5376ms 
2025-03-04 10:37:08.5858 | INFO | Microsoft.AspNetCore.Hosting.Diagnostics | Request starting HTTP/2 PATCH https://localhost:7193/HelloGreeting application/json 39 
2025-03-04 10:37:08.6116 | INFO | Microsoft.AspNetCore.Routing.EndpointMiddleware | Executing endpoint 'HelloGreetingApplication.Controllers.HelloGreetingController.Patch (HelloGreetingApplication)' 
2025-03-04 10:37:08.6197 | INFO | Microsoft.AspNetCore.Mvc.Infrastructure.ControllerActionInvoker | Route matched with {action = "Patch", controller = "HelloGreeting"}. Executing controller action with signature Microsoft.AspNetCore.Mvc.IActionResult Patch(ModelLayer.Model.RequestModel) on controller HelloGreetingApplication.Controllers.HelloGreetingController (HelloGreetingApplication). 
2025-03-04 10:37:08.6197 | INFO | Microsoft.AspNetCore.Mvc.Infrastructure.ObjectResultExecutor | Executing OkObjectResult, writing value of type 'ModelLayer.Model.ResponseModel`1[[System.String, System.Private.CoreLib, Version=6.0.0.0, Culture=neutral, PublicKeyToken=7cec85d7bea7798e]]'. 
2025-03-04 10:37:08.6329 | INFO | Microsoft.AspNetCore.Mvc.Infrastructure.ControllerActionInvoker | Executed action HelloGreetingApplication.Controllers.HelloGreetingController.Patch (HelloGreetingApplication) in 9.5782ms 
2025-03-04 10:37:08.6329 | INFO | Microsoft.AspNetCore.Routing.EndpointMiddleware | Executed endpoint 'HelloGreetingApplication.Controllers.HelloGreetingController.Patch (HelloGreetingApplication)' 
2025-03-04 10:37:08.6329 | INFO | Microsoft.AspNetCore.Hosting.Diagnostics | Request finished HTTP/2 PATCH https://localhost:7193/HelloGreeting application/json 39 - 200 - application/json;+charset=utf-8 48.0218ms 
2025-03-04 10:41:12.5431 | INFO | Microsoft.Hosting.Lifetime | Application is shutting down... 
2025-03-04 10:41:35.2968 | INFO | HelloGreetingApplication.Program | Application Starting... 
2025-03-04 10:41:36.0860 | INFO | Microsoft.Hosting.Lifetime | Now listening on: https://localhost:7193 
2025-03-04 10:41:36.0860 | INFO | Microsoft.Hosting.Lifetime | Now listening on: http://localhost:5161 
2025-03-04 10:41:36.1449 | INFO | Microsoft.Hosting.Lifetime | Application started. Press Ctrl+C to shut down. 
2025-03-04 10:41:36.1456 | INFO | Microsoft.Hosting.Lifetime | Hosting environment: Development 
2025-03-04 10:41:36.1456 | INFO | Microsoft.Hosting.Lifetime | Content root path: E:\HelloGreetingApplication\HelloGreetingApplication\ 
2025-03-04 10:41:36.5180 | INFO | Microsoft.AspNetCore.Hosting.Diagnostics | Request starting HTTP/2 GET https://localhost:7193/swagger/index.html - - 
2025-03-04 10:41:36.7798 | INFO | Microsoft.AspNetCore.Hosting.Diagnostics | Request finished HTTP/2 GET https://localhost:7193/swagger/index.html - - - 200 - text/html;charset=utf-8 269.4932ms 
2025-03-04 10:41:36.8287 | INFO | Microsoft.AspNetCore.Hosting.Diagnostics | Request starting HTTP/2 GET https://localhost:7193/swagger/index.js - - 
2025-03-04 10:41:36.8287 | INFO | Microsoft.AspNetCore.Hosting.Diagnostics | Request starting HTTP/2 GET https://localhost:7193/_framework/aspnetcore-browser-refresh.js - - 
2025-03-04 10:41:36.8287 | INFO | Microsoft.AspNetCore.Hosting.Diagnostics | Request finished HTTP/2 GET https://localhost:7193/swagger/index.js - - - 200 - application/javascript;charset=utf-8 3.7101ms 
2025-03-04 10:41:36.8339 | INFO | Microsoft.AspNetCore.Hosting.Diagnostics | Request finished HTTP/2 GET https://localhost:7193/_framework/aspnetcore-browser-refresh.js - - - 200 12380 application/javascript;+charset=utf-8 5.1878ms 
2025-03-04 10:41:37.2938 | INFO | Microsoft.AspNetCore.Hosting.Diagnostics | Request starting HTTP/2 GET https://localhost:7193/_vs/browserLink - - 
2025-03-04 10:41:37.3390 | INFO | Microsoft.AspNetCore.Hosting.Diagnostics | Request finished HTTP/2 GET https://localhost:7193/_vs/browserLink - - - 200 - text/javascript;+charset=UTF-8 45.1373ms 
2025-03-04 10:41:38.6051 | INFO | Microsoft.AspNetCore.Hosting.Diagnostics | Request starting HTTP/2 GET https://localhost:7193/swagger/v1/swagger.json - - 
2025-03-04 10:41:38.6051 | INFO | Microsoft.AspNetCore.Hosting.Diagnostics | Request finished HTTP/2 GET https://localhost:7193/swagger/v1/swagger.json - - - 200 - application/json;charset=utf-8 7.7974ms 
2025-03-04 10:41:54.2508 | INFO | Microsoft.AspNetCore.Hosting.Diagnostics | Request starting HTTP/2 GET https://localhost:7193/HelloGreeting - - 
2025-03-04 10:41:54.2630 | INFO | Microsoft.AspNetCore.Routing.EndpointMiddleware | Executing endpoint 'HelloGreetingApplication.Controllers.HelloGreetingController.Get (HelloGreetingApplication)' 
2025-03-04 10:41:54.2845 | INFO | Microsoft.AspNetCore.Mvc.Infrastructure.ControllerActionInvoker | Route matched with {action = "Get", controller = "HelloGreeting"}. Executing controller action with signature Microsoft.AspNetCore.Mvc.IActionResult Get() on controller HelloGreetingApplication.Controllers.HelloGreetingController (HelloGreetingApplication). 
2025-03-04 10:41:54.2951 | INFO | Microsoft.AspNetCore.Mvc.Infrastructure.ObjectResultExecutor | Executing OkObjectResult, writing value of type 'ModelLayer.Model.ResponseModel`1[[System.String, System.Private.CoreLib, Version=6.0.0.0, Culture=neutral, PublicKeyToken=7cec85d7bea7798e]]'. 
2025-03-04 10:41:54.2951 | INFO | Microsoft.AspNetCore.Mvc.Infrastructure.ControllerActionInvoker | Executed action HelloGreetingApplication.Controllers.HelloGreetingController.Get (HelloGreetingApplication) in 15.5367ms 
2025-03-04 10:41:54.2951 | INFO | Microsoft.AspNetCore.Routing.EndpointMiddleware | Executed endpoint 'HelloGreetingApplication.Controllers.HelloGreetingController.Get (HelloGreetingApplication)' 
2025-03-04 10:41:54.3096 | INFO | Microsoft.AspNetCore.Hosting.Diagnostics | Request finished HTTP/2 GET https://localhost:7193/HelloGreeting - - - 200 - application/json;+charset=utf-8 57.6005ms 
2025-03-04 10:42:50.3222 | INFO | Microsoft.AspNetCore.Hosting.Diagnostics | Request starting HTTP/2 POST https://localhost:7193/HelloGreeting application/json 41 
2025-03-04 10:42:50.3222 | INFO | Microsoft.AspNetCore.Routing.EndpointMiddleware | Executing endpoint 'HelloGreetingApplication.Controllers.HelloGreetingController.Post (HelloGreetingApplication)' 
2025-03-04 10:42:50.3618 | INFO | Microsoft.AspNetCore.Mvc.Infrastructure.ControllerActionInvoker | Route matched with {action = "Post", controller = "HelloGreeting"}. Executing controller action with signature Microsoft.AspNetCore.Mvc.IActionResult Post(ModelLayer.Model.RequestModel) on controller HelloGreetingApplication.Controllers.HelloGreetingController (HelloGreetingApplication). 
2025-03-04 10:42:50.3999 | INFO | Microsoft.AspNetCore.Mvc.Infrastructure.ObjectResultExecutor | Executing OkObjectResult, writing value of type 'ModelLayer.Model.ResponseModel`1[[System.String, System.Private.CoreLib, Version=6.0.0.0, Culture=neutral, PublicKeyToken=7cec85d7bea7798e]]'. 
2025-03-04 10:42:50.3999 | INFO | Microsoft.AspNetCore.Mvc.Infrastructure.ControllerActionInvoker | Executed action HelloGreetingApplication.Controllers.HelloGreetingController.Post (HelloGreetingApplication) in 39.1876ms 
2025-03-04 10:42:50.3999 | INFO | Microsoft.AspNetCore.Routing.EndpointMiddleware | Executed endpoint 'HelloGreetingApplication.Controllers.HelloGreetingController.Post (HelloGreetingApplication)' 
2025-03-04 10:42:50.3999 | INFO | Microsoft.AspNetCore.Hosting.Diagnostics | Request finished HTTP/2 POST https://localhost:7193/HelloGreeting application/json 41 - 200 - application/json;+charset=utf-8 74.1023ms 
2025-03-04 10:43:09.1940 | INFO | Microsoft.AspNetCore.Hosting.Diagnostics | Request starting HTTP/2 POST https://localhost:7193/HelloGreeting application/json 36 
2025-03-04 10:43:09.1940 | INFO | Microsoft.AspNetCore.Routing.EndpointMiddleware | Executing endpoint 'HelloGreetingApplication.Controllers.HelloGreetingController.Post (HelloGreetingApplication)' 
2025-03-04 10:43:09.1940 | INFO | Microsoft.AspNetCore.Mvc.Infrastructure.ControllerActionInvoker | Route matched with {action = "Post", controller = "HelloGreeting"}. Executing controller action with signature Microsoft.AspNetCore.Mvc.IActionResult Post(ModelLayer.Model.RequestModel) on controller HelloGreetingApplication.Controllers.HelloGreetingController (HelloGreetingApplication). 
2025-03-04 10:43:09.2130 | INFO | Microsoft.AspNetCore.Mvc.Infrastructure.ObjectResultExecutor | Executing OkObjectResult, writing value of type 'ModelLayer.Model.ResponseModel`1[[System.String, System.Private.CoreLib, Version=6.0.0.0, Culture=neutral, PublicKeyToken=7cec85d7bea7798e]]'. 
2025-03-04 10:43:09.2130 | INFO | Microsoft.AspNetCore.Mvc.Infrastructure.ControllerActionInvoker | Executed action HelloGreetingApplication.Controllers.HelloGreetingController.Post (HelloGreetingApplication) in 14.1791ms 
2025-03-04 10:43:09.2130 | INFO | Microsoft.AspNetCore.Routing.EndpointMiddleware | Executed endpoint 'HelloGreetingApplication.Controllers.HelloGreetingController.Post (HelloGreetingApplication)' 
2025-03-04 10:43:09.2130 | INFO | Microsoft.AspNetCore.Hosting.Diagnostics | Request finished HTTP/2 POST https://localhost:7193/HelloGreeting application/json 36 - 200 - application/json;+charset=utf-8 21.4234ms 
2025-03-04 10:44:13.6480 | INFO | Microsoft.AspNetCore.Hosting.Diagnostics | Request starting HTTP/2 PUT https://localhost:7193/HelloGreeting application/json 41 
2025-03-04 10:44:13.6480 | INFO | Microsoft.AspNetCore.Routing.EndpointMiddleware | Executing endpoint 'HelloGreetingApplication.Controllers.HelloGreetingController.Put (HelloGreetingApplication)' 
2025-03-04 10:44:13.6630 | INFO | Microsoft.AspNetCore.Mvc.Infrastructure.ControllerActionInvoker | Route matched with {action = "Put", controller = "HelloGreeting"}. Executing controller action with signature Microsoft.AspNetCore.Mvc.IActionResult Put(ModelLayer.Model.RequestModel) on controller HelloGreetingApplication.Controllers.HelloGreetingController (HelloGreetingApplication). 
2025-03-04 10:44:13.6630 | INFO | Microsoft.AspNetCore.Mvc.Infrastructure.ObjectResultExecutor | Executing OkObjectResult, writing value of type 'ModelLayer.Model.ResponseModel`1[[System.String, System.Private.CoreLib, Version=6.0.0.0, Culture=neutral, PublicKeyToken=7cec85d7bea7798e]]'. 
2025-03-04 10:44:13.6781 | INFO | Microsoft.AspNetCore.Mvc.Infrastructure.ControllerActionInvoker | Executed action HelloGreetingApplication.Controllers.HelloGreetingController.Put (HelloGreetingApplication) in 10.7406ms 
2025-03-04 10:44:13.6781 | INFO | Microsoft.AspNetCore.Routing.EndpointMiddleware | Executed endpoint 'HelloGreetingApplication.Controllers.HelloGreetingController.Put (HelloGreetingApplication)' 
2025-03-04 10:44:13.6781 | INFO | Microsoft.AspNetCore.Hosting.Diagnostics | Request finished HTTP/2 PUT https://localhost:7193/HelloGreeting application/json 41 - 200 - application/json;+charset=utf-8 23.5308ms 
2025-03-04 10:45:00.4806 | INFO | Microsoft.AspNetCore.Hosting.Diagnostics | Request starting HTTP/2 PUT https://localhost:7193/HelloGreeting application/json 36 
2025-03-04 10:45:00.4806 | INFO | Microsoft.AspNetCore.Routing.EndpointMiddleware | Executing endpoint 'HelloGreetingApplication.Controllers.HelloGreetingController.Put (HelloGreetingApplication)' 
2025-03-04 10:45:00.4806 | INFO | Microsoft.AspNetCore.Mvc.Infrastructure.ControllerActionInvoker | Route matched with {action = "Put", controller = "HelloGreeting"}. Executing controller action with signature Microsoft.AspNetCore.Mvc.IActionResult Put(ModelLayer.Model.RequestModel) on controller HelloGreetingApplication.Controllers.HelloGreetingController (HelloGreetingApplication). 
2025-03-04 10:45:00.4944 | INFO | Microsoft.AspNetCore.Mvc.Infrastructure.ObjectResultExecutor | Executing OkObjectResult, writing value of type 'ModelLayer.Model.ResponseModel`1[[System.String, System.Private.CoreLib, Version=6.0.0.0, Culture=neutral, PublicKeyToken=7cec85d7bea7798e]]'. 
2025-03-04 10:45:00.4944 | INFO | Microsoft.AspNetCore.Mvc.Infrastructure.ControllerActionInvoker | Executed action HelloGreetingApplication.Controllers.HelloGreetingController.Put (HelloGreetingApplication) in 9.1626ms 
2025-03-04 10:45:00.4944 | INFO | Microsoft.AspNetCore.Routing.EndpointMiddleware | Executed endpoint 'HelloGreetingApplication.Controllers.HelloGreetingController.Put (HelloGreetingApplication)' 
2025-03-04 10:45:00.4944 | INFO | Microsoft.AspNetCore.Hosting.Diagnostics | Request finished HTTP/2 PUT https://localhost:7193/HelloGreeting application/json 36 - 200 - application/json;+charset=utf-8 15.2164ms 
2025-03-04 10:45:27.5038 | INFO | Microsoft.AspNetCore.Hosting.Diagnostics | Request starting HTTP/2 PATCH https://localhost:7193/HelloGreeting application/json 36 
2025-03-04 10:45:27.5038 | INFO | Microsoft.AspNetCore.Routing.EndpointMiddleware | Executing endpoint 'HelloGreetingApplication.Controllers.HelloGreetingController.Patch (HelloGreetingApplication)' 
2025-03-04 10:45:27.5038 | INFO | Microsoft.AspNetCore.Mvc.Infrastructure.ControllerActionInvoker | Route matched with {action = "Patch", controller = "HelloGreeting"}. Executing controller action with signature Microsoft.AspNetCore.Mvc.IActionResult Patch(ModelLayer.Model.RequestModel) on controller HelloGreetingApplication.Controllers.HelloGreetingController (HelloGreetingApplication). 
2025-03-04 10:45:27.5271 | INFO | Microsoft.AspNetCore.Mvc.Infrastructure.ObjectResultExecutor | Executing OkObjectResult, writing value of type 'ModelLayer.Model.ResponseModel`1[[System.String, System.Private.CoreLib, Version=6.0.0.0, Culture=neutral, PublicKeyToken=7cec85d7bea7798e]]'. 
2025-03-04 10:45:27.5271 | INFO | Microsoft.AspNetCore.Mvc.Infrastructure.ControllerActionInvoker | Executed action HelloGreetingApplication.Controllers.HelloGreetingController.Patch (HelloGreetingApplication) in 10.4595ms 
2025-03-04 10:45:27.5271 | INFO | Microsoft.AspNetCore.Routing.EndpointMiddleware | Executed endpoint 'HelloGreetingApplication.Controllers.HelloGreetingController.Patch (HelloGreetingApplication)' 
2025-03-04 10:45:27.5271 | INFO | Microsoft.AspNetCore.Hosting.Diagnostics | Request finished HTTP/2 PATCH https://localhost:7193/HelloGreeting application/json 36 - 200 - application/json;+charset=utf-8 30.5185ms 
2025-03-04 10:45:44.6503 | INFO | Microsoft.AspNetCore.Hosting.Diagnostics | Request starting HTTP/2 DELETE https://localhost:7193/HelloGreeting/Name - - 
2025-03-04 10:45:44.6503 | INFO | Microsoft.AspNetCore.Routing.EndpointMiddleware | Executing endpoint 'HelloGreetingApplication.Controllers.HelloGreetingController.Delete (HelloGreetingApplication)' 
2025-03-04 10:45:44.6632 | INFO | Microsoft.AspNetCore.Mvc.Infrastructure.ControllerActionInvoker | Route matched with {action = "Delete", controller = "HelloGreeting"}. Executing controller action with signature Microsoft.AspNetCore.Mvc.IActionResult Delete(System.String) on controller HelloGreetingApplication.Controllers.HelloGreetingController (HelloGreetingApplication). 
2025-03-04 10:45:44.6632 | INFO | Microsoft.AspNetCore.Mvc.Infrastructure.ObjectResultExecutor | Executing OkObjectResult, writing value of type 'ModelLayer.Model.ResponseModel`1[[System.String, System.Private.CoreLib, Version=6.0.0.0, Culture=neutral, PublicKeyToken=7cec85d7bea7798e]]'. 
2025-03-04 10:45:44.6632 | INFO | Microsoft.AspNetCore.Mvc.Infrastructure.ControllerActionInvoker | Executed action HelloGreetingApplication.Controllers.HelloGreetingController.Delete (HelloGreetingApplication) in 9.49ms 
2025-03-04 10:45:44.6632 | INFO | Microsoft.AspNetCore.Routing.EndpointMiddleware | Executed endpoint 'HelloGreetingApplication.Controllers.HelloGreetingController.Delete (HelloGreetingApplication)' 
2025-03-04 10:45:44.6632 | INFO | Microsoft.AspNetCore.Hosting.Diagnostics | Request finished HTTP/2 DELETE https://localhost:7193/HelloGreeting/Name - - - 200 - application/json;+charset=utf-8 20.5568ms 
2025-03-04 13:50:43.2506 | INFO | HelloGreetingApplication.Program | Application Starting... 
2025-03-04 13:50:45.5458 | INFO | Microsoft.Hosting.Lifetime | Now listening on: https://localhost:7193 
2025-03-04 13:50:45.5458 | INFO | Microsoft.Hosting.Lifetime | Now listening on: http://localhost:5161 
2025-03-04 13:50:45.6383 | INFO | Microsoft.Hosting.Lifetime | Application started. Press Ctrl+C to shut down. 
2025-03-04 13:50:45.6383 | INFO | Microsoft.Hosting.Lifetime | Hosting environment: Development 
2025-03-04 13:50:45.6383 | INFO | Microsoft.Hosting.Lifetime | Content root path: E:\GreetingCLone\GreetingApp_-2115500120-\HelloGreetingApplication\ 
2025-03-04 13:50:48.6786 | INFO | Microsoft.AspNetCore.Hosting.Diagnostics | Request starting HTTP/2 GET https://localhost:7193/swagger - - 
2025-03-04 13:50:49.2309 | INFO | Microsoft.AspNetCore.Hosting.Diagnostics | Request finished HTTP/2 GET https://localhost:7193/swagger - - - 301 0 - 558.7186ms 
2025-03-04 13:50:49.2668 | INFO | Microsoft.AspNetCore.Hosting.Diagnostics | Request starting HTTP/2 GET https://localhost:7193/swagger/index.html - - 
2025-03-04 13:50:49.5979 | INFO | Microsoft.AspNetCore.Hosting.Diagnostics | Request finished HTTP/2 GET https://localhost:7193/swagger/index.html - - - 200 - text/html;charset=utf-8 332.2638ms 
2025-03-04 13:50:49.6629 | INFO | Microsoft.AspNetCore.Hosting.Diagnostics | Request starting HTTP/2 GET https://localhost:7193/swagger/swagger-ui.css - - 
2025-03-04 13:50:49.6629 | INFO | Microsoft.AspNetCore.Hosting.Diagnostics | Request starting HTTP/2 GET https://localhost:7193/swagger/index.css - - 
2025-03-04 13:50:49.6629 | INFO | Microsoft.AspNetCore.Hosting.Diagnostics | Request starting HTTP/2 GET https://localhost:7193/swagger/swagger-ui-bundle.js - - 
2025-03-04 13:50:49.6629 | INFO | Microsoft.AspNetCore.Hosting.Diagnostics | Request starting HTTP/2 GET https://localhost:7193/swagger/index.js - - 
2025-03-04 13:50:49.6629 | INFO | Microsoft.AspNetCore.Hosting.Diagnostics | Request starting HTTP/2 GET https://localhost:7193/_framework/aspnetcore-browser-refresh.js - - 
2025-03-04 13:50:49.6629 | INFO | Microsoft.AspNetCore.Hosting.Diagnostics | Request starting HTTP/2 GET https://localhost:7193/swagger/swagger-ui-standalone-preset.js - - 
2025-03-04 13:50:49.6703 | INFO | Microsoft.AspNetCore.Hosting.Diagnostics | Request finished HTTP/2 GET https://localhost:7193/swagger/index.js - - - 200 - application/javascript;charset=utf-8 6.2019ms 
2025-03-04 13:50:49.6703 | INFO | Microsoft.AspNetCore.Hosting.Diagnostics | Request finished HTTP/2 GET https://localhost:7193/_framework/aspnetcore-browser-refresh.js - - - 200 12380 application/javascript;+charset=utf-8 11.2885ms 
2025-03-04 13:50:49.6703 | INFO | Microsoft.AspNetCore.StaticFiles.StaticFileMiddleware | Sending file. Request path: '/index.css'. Physical path: 'N/A' 
2025-03-04 13:50:49.6703 | INFO | Microsoft.AspNetCore.Hosting.Diagnostics | Request finished HTTP/2 GET https://localhost:7193/swagger/index.css - - - 200 202 text/css 18.9030ms 
2025-03-04 13:50:49.7053 | INFO | Microsoft.AspNetCore.StaticFiles.StaticFileMiddleware | Sending file. Request path: '/swagger-ui.css'. Physical path: 'N/A' 
2025-03-04 13:50:49.7053 | INFO | Microsoft.AspNetCore.Hosting.Diagnostics | Request finished HTTP/2 GET https://localhost:7193/swagger/swagger-ui.css - - - 200 154948 text/css 43.3657ms 
2025-03-04 13:50:49.7614 | INFO | Microsoft.AspNetCore.StaticFiles.StaticFileMiddleware | Sending file. Request path: '/swagger-ui-standalone-preset.js'. Physical path: 'N/A' 
2025-03-04 13:50:49.7729 | INFO | Microsoft.AspNetCore.Hosting.Diagnostics | Request finished HTTP/2 GET https://localhost:7193/swagger/swagger-ui-standalone-preset.js - - - 200 229223 application/javascript 109.0789ms 
2025-03-04 13:50:49.8099 | INFO | Microsoft.AspNetCore.StaticFiles.StaticFileMiddleware | Sending file. Request path: '/swagger-ui-bundle.js'. Physical path: 'N/A' 
2025-03-04 13:50:49.8099 | INFO | Microsoft.AspNetCore.Hosting.Diagnostics | Request finished HTTP/2 GET https://localhost:7193/swagger/swagger-ui-bundle.js - - - 200 1466324 application/javascript 148.0192ms 
2025-03-04 13:50:50.1906 | INFO | Microsoft.AspNetCore.Hosting.Diagnostics | Request starting HTTP/2 GET https://localhost:7193/_vs/browserLink - - 
2025-03-04 13:50:50.3305 | INFO | Microsoft.AspNetCore.Hosting.Diagnostics | Request finished HTTP/2 GET https://localhost:7193/_vs/browserLink - - - 200 - text/javascript;+charset=UTF-8 139.8584ms 
2025-03-04 13:50:51.7872 | INFO | Microsoft.AspNetCore.Hosting.Diagnostics | Request starting HTTP/2 GET https://localhost:7193/swagger/v1/swagger.json - - 
2025-03-04 13:50:51.7872 | INFO | Microsoft.AspNetCore.Hosting.Diagnostics | Request finished HTTP/2 GET https://localhost:7193/swagger/v1/swagger.json - - - 200 - application/json;charset=utf-8 11.0534ms 
2025-03-04 13:50:51.8382 | INFO | Microsoft.AspNetCore.Hosting.Diagnostics | Request starting HTTP/2 GET https://localhost:7193/swagger/favicon-32x32.png - - 
2025-03-04 13:50:51.8382 | INFO | Microsoft.AspNetCore.StaticFiles.StaticFileMiddleware | Sending file. Request path: '/favicon-32x32.png'. Physical path: 'N/A' 
2025-03-04 13:50:51.8382 | INFO | Microsoft.AspNetCore.Hosting.Diagnostics | Request finished HTTP/2 GET https://localhost:7193/swagger/favicon-32x32.png - - - 200 628 image/png 2.3870ms 
2025-03-04 13:56:42.0465 | INFO | HelloGreetingApplication.Program | Application Starting... 
2025-03-04 13:56:44.0904 | INFO | Microsoft.Hosting.Lifetime | Now listening on: https://localhost:7193 
2025-03-04 13:56:44.0904 | INFO | Microsoft.Hosting.Lifetime | Now listening on: http://localhost:5161 
2025-03-04 13:56:44.2016 | INFO | Microsoft.Hosting.Lifetime | Application started. Press Ctrl+C to shut down. 
2025-03-04 13:56:44.2016 | INFO | Microsoft.Hosting.Lifetime | Hosting environment: Development 
2025-03-04 13:56:44.2016 | INFO | Microsoft.Hosting.Lifetime | Content root path: E:\GreetingCLone\GreetingApp_-2115500120-\HelloGreetingApplication\ 
2025-03-04 13:56:44.9382 | INFO | Microsoft.AspNetCore.Hosting.Diagnostics | Request starting HTTP/2 GET https://localhost:7193/swagger/index.html - - 
2025-03-04 13:56:45.4926 | INFO | Microsoft.AspNetCore.Hosting.Diagnostics | Request finished HTTP/2 GET https://localhost:7193/swagger/index.html - - - 200 - text/html;charset=utf-8 558.6405ms 
2025-03-04 13:56:45.5196 | INFO | Microsoft.AspNetCore.Hosting.Diagnostics | Request starting HTTP/2 GET https://localhost:7193/_framework/aspnetcore-browser-refresh.js - - 
2025-03-04 13:56:45.5196 | INFO | Microsoft.AspNetCore.Hosting.Diagnostics | Request starting HTTP/2 GET https://localhost:7193/swagger/index.js - - 
2025-03-04 13:56:45.5196 | INFO | Microsoft.AspNetCore.Hosting.Diagnostics | Request finished HTTP/2 GET https://localhost:7193/swagger/index.js - - - 200 - application/javascript;charset=utf-8 4.2168ms 
2025-03-04 13:56:45.5333 | INFO | Microsoft.AspNetCore.Hosting.Diagnostics | Request finished HTTP/2 GET https://localhost:7193/_framework/aspnetcore-browser-refresh.js - - - 200 12380 application/javascript;+charset=utf-8 13.6896ms 
2025-03-04 13:56:46.0327 | INFO | Microsoft.AspNetCore.Hosting.Diagnostics | Request starting HTTP/2 GET https://localhost:7193/_vs/browserLink - - 
2025-03-04 13:56:46.2016 | INFO | Microsoft.AspNetCore.Hosting.Diagnostics | Request finished HTTP/2 GET https://localhost:7193/_vs/browserLink - - - 200 - text/javascript;+charset=UTF-8 165.4649ms 
2025-03-04 13:56:47.6724 | INFO | Microsoft.AspNetCore.Hosting.Diagnostics | Request starting HTTP/2 GET https://localhost:7193/swagger/v1/swagger.json - - 
2025-03-04 13:56:47.6724 | INFO | Microsoft.AspNetCore.Hosting.Diagnostics | Request finished HTTP/2 GET https://localhost:7193/swagger/v1/swagger.json - - - 200 - application/json;charset=utf-8 10.0246ms 
2025-03-04 13:56:55.8413 | INFO | Microsoft.AspNetCore.Hosting.Diagnostics | Request starting HTTP/2 GET https://localhost:7193/HelloGreeting - - 
2025-03-04 13:56:55.9009 | INFO | Microsoft.AspNetCore.Routing.EndpointMiddleware | Executing endpoint 'HelloGreetingApplication.Controllers.HelloGreetingController.Get (HelloGreetingApplication)' 
2025-03-04 13:56:55.9338 | INFO | Microsoft.AspNetCore.Mvc.Infrastructure.ControllerActionInvoker | Route matched with {action = "Get", controller = "HelloGreeting"}. Executing controller action with signature Microsoft.AspNetCore.Mvc.IActionResult Get() on controller HelloGreetingApplication.Controllers.HelloGreetingController (HelloGreetingApplication). 
2025-03-04 13:56:55.9610 | INFO | Microsoft.AspNetCore.Mvc.Infrastructure.ObjectResultExecutor | Executing OkObjectResult, writing value of type 'ModelLayer.Model.ResponseModel`1[[System.String, System.Private.CoreLib, Version=6.0.0.0, Culture=neutral, PublicKeyToken=7cec85d7bea7798e]]'. 
2025-03-04 13:56:55.9782 | INFO | Microsoft.AspNetCore.Mvc.Infrastructure.ControllerActionInvoker | Executed action HelloGreetingApplication.Controllers.HelloGreetingController.Get (HelloGreetingApplication) in 28.1405ms 
2025-03-04 13:56:55.9782 | INFO | Microsoft.AspNetCore.Routing.EndpointMiddleware | Executed endpoint 'HelloGreetingApplication.Controllers.HelloGreetingController.Get (HelloGreetingApplication)' 
2025-03-04 13:56:55.9782 | INFO | Microsoft.AspNetCore.Hosting.Diagnostics | Request finished HTTP/2 GET https://localhost:7193/HelloGreeting - - - 200 - application/json;+charset=utf-8 134.6628ms 
2025-03-04 14:04:48.3137 | INFO | HelloGreetingApplication.Program | Application Starting... 
2025-03-04 14:04:50.4131 | INFO | Microsoft.Hosting.Lifetime | Now listening on: https://localhost:7193 
2025-03-04 14:04:50.4131 | INFO | Microsoft.Hosting.Lifetime | Now listening on: http://localhost:5161 
2025-03-04 14:04:50.5002 | INFO | Microsoft.Hosting.Lifetime | Application started. Press Ctrl+C to shut down. 
2025-03-04 14:04:50.5002 | INFO | Microsoft.Hosting.Lifetime | Hosting environment: Development 
2025-03-04 14:04:50.5002 | INFO | Microsoft.Hosting.Lifetime | Content root path: E:\GreetingCLone\GreetingApp_-2115500120-\HelloGreetingApplication\ 
2025-03-04 14:04:51.5950 | INFO | Microsoft.AspNetCore.Hosting.Diagnostics | Request starting HTTP/2 GET https://localhost:7193/swagger/index.html - - 
2025-03-04 14:04:52.2462 | INFO | Microsoft.AspNetCore.Hosting.Diagnostics | Request starting HTTP/2 GET https://localhost:7193/_framework/aspnetcore-browser-refresh.js - - 
2025-03-04 14:04:52.2462 | INFO | Microsoft.AspNetCore.Hosting.Diagnostics | Request starting HTTP/2 GET https://localhost:7193/swagger/index.css - - 
2025-03-04 14:04:52.2462 | INFO | Microsoft.AspNetCore.Hosting.Diagnostics | Request starting HTTP/2 GET https://localhost:7193/swagger/swagger-ui.css - - 
2025-03-04 14:04:52.2462 | INFO | Microsoft.AspNetCore.Hosting.Diagnostics | Request finished HTTP/2 GET https://localhost:7193/swagger/index.html - - - 200 - text/html;charset=utf-8 653.0197ms 
2025-03-04 14:04:52.2462 | INFO | Microsoft.AspNetCore.Hosting.Diagnostics | Request starting HTTP/2 GET https://localhost:7193/swagger/swagger-ui-bundle.js - - 
2025-03-04 14:04:52.3342 | INFO | Microsoft.AspNetCore.Hosting.Diagnostics | Request starting HTTP/2 GET https://localhost:7193/swagger/swagger-ui-standalone-preset.js - - 
2025-03-04 14:04:52.3456 | INFO | Microsoft.AspNetCore.Hosting.Diagnostics | Request starting HTTP/2 GET https://localhost:7193/swagger/index.js - - 
2025-03-04 14:04:52.3563 | INFO | Microsoft.AspNetCore.Hosting.Diagnostics | Request finished HTTP/2 GET https://localhost:7193/swagger/index.js - - - 200 - application/javascript;charset=utf-8 10.6173ms 
2025-03-04 14:04:52.4734 | INFO | Microsoft.AspNetCore.Hosting.Diagnostics | Request finished HTTP/2 GET https://localhost:7193/_framework/aspnetcore-browser-refresh.js - - - 200 12380 application/javascript;+charset=utf-8 227.1084ms 
2025-03-04 14:04:52.4939 | INFO | Microsoft.AspNetCore.StaticFiles.StaticFileMiddleware | Sending file. Request path: '/index.css'. Physical path: 'N/A' 
2025-03-04 14:04:52.5348 | INFO | Microsoft.AspNetCore.Hosting.Diagnostics | Request finished HTTP/2 GET https://localhost:7193/swagger/index.css - - - 200 202 text/css 288.5711ms 
2025-03-04 14:04:52.5979 | INFO | Microsoft.AspNetCore.StaticFiles.StaticFileMiddleware | Sending file. Request path: '/swagger-ui.css'. Physical path: 'N/A' 
2025-03-04 14:04:52.5979 | INFO | Microsoft.AspNetCore.StaticFiles.StaticFileMiddleware | Sending file. Request path: '/swagger-ui-standalone-preset.js'. Physical path: 'N/A' 
2025-03-04 14:04:52.6637 | INFO | Microsoft.AspNetCore.Hosting.Diagnostics | Request finished HTTP/2 GET https://localhost:7193/swagger/swagger-ui-standalone-preset.js - - - 200 229223 application/javascript 329.4647ms 
2025-03-04 14:04:52.6637 | INFO | Microsoft.AspNetCore.Hosting.Diagnostics | Request finished HTTP/2 GET https://localhost:7193/swagger/swagger-ui.css - - - 200 154948 text/css 417.0748ms 
2025-03-04 14:04:52.6717 | INFO | Microsoft.AspNetCore.StaticFiles.StaticFileMiddleware | Sending file. Request path: '/swagger-ui-bundle.js'. Physical path: 'N/A' 
2025-03-04 14:04:52.6717 | INFO | Microsoft.AspNetCore.Hosting.Diagnostics | Request finished HTTP/2 GET https://localhost:7193/swagger/swagger-ui-bundle.js - - - 200 1466324 application/javascript 427.2678ms 
2025-03-04 14:04:52.8695 | INFO | Microsoft.AspNetCore.Hosting.Diagnostics | Request starting HTTP/2 GET https://localhost:7193/_vs/browserLink - - 
2025-03-04 14:04:52.9924 | INFO | Microsoft.AspNetCore.Hosting.Diagnostics | Request finished HTTP/2 GET https://localhost:7193/_vs/browserLink - - - 200 - text/javascript;+charset=UTF-8 122.8702ms 
2025-03-04 14:04:54.3945 | INFO | Microsoft.AspNetCore.Hosting.Diagnostics | Request starting HTTP/2 GET https://localhost:7193/swagger/v1/swagger.json - - 
2025-03-04 14:04:54.4065 | INFO | Microsoft.AspNetCore.Hosting.Diagnostics | Request finished HTTP/2 GET https://localhost:7193/swagger/v1/swagger.json - - - 200 - application/json;charset=utf-8 11.9407ms 
2025-03-04 14:05:11.7100 | INFO | Microsoft.AspNetCore.Hosting.Diagnostics | Request starting HTTP/2 GET https://localhost:7193/HelloGreeting - - 
2025-03-04 14:05:11.7453 | INFO | Microsoft.AspNetCore.Routing.EndpointMiddleware | Executing endpoint 'HelloGreetingApplication.Controllers.HelloGreetingController.Get (HelloGreetingApplication)' 
2025-03-04 14:05:11.7769 | INFO | Microsoft.AspNetCore.Mvc.Infrastructure.ControllerActionInvoker | Route matched with {action = "Get", controller = "HelloGreeting"}. Executing controller action with signature Microsoft.AspNetCore.Mvc.IActionResult Get() on controller HelloGreetingApplication.Controllers.HelloGreetingController (HelloGreetingApplication). 
2025-03-04 14:05:11.7933 | INFO | Microsoft.AspNetCore.Mvc.Infrastructure.ObjectResultExecutor | Executing OkObjectResult, writing value of type 'ModelLayer.Model.ResponseModel`1[[System.String, System.Private.CoreLib, Version=6.0.0.0, Culture=neutral, PublicKeyToken=7cec85d7bea7798e]]'. 
2025-03-04 14:05:11.8172 | INFO | Microsoft.AspNetCore.Mvc.Infrastructure.ControllerActionInvoker | Executed action HelloGreetingApplication.Controllers.HelloGreetingController.Get (HelloGreetingApplication) in 25.5252ms 
2025-03-04 14:05:11.8172 | INFO | Microsoft.AspNetCore.Routing.EndpointMiddleware | Executed endpoint 'HelloGreetingApplication.Controllers.HelloGreetingController.Get (HelloGreetingApplication)' 
2025-03-04 14:05:11.8172 | INFO | Microsoft.AspNetCore.Hosting.Diagnostics | Request finished HTTP/2 GET https://localhost:7193/HelloGreeting - - - 200 - application/json;+charset=utf-8 105.0540ms 
2025-03-04 14:09:19.9896 | INFO | Microsoft.Hosting.Lifetime | Application is shutting down... 
2025-03-04 16:58:10.7109 | INFO | HelloGreetingApplication.Program | Application Starting... 
2025-03-04 16:58:12.4429 | INFO | Microsoft.Hosting.Lifetime | Now listening on: https://localhost:7193 
2025-03-04 16:58:12.4429 | INFO | Microsoft.Hosting.Lifetime | Now listening on: http://localhost:5161 
2025-03-04 16:58:12.5469 | INFO | Microsoft.Hosting.Lifetime | Application started. Press Ctrl+C to shut down. 
2025-03-04 16:58:12.5469 | INFO | Microsoft.Hosting.Lifetime | Hosting environment: Development 
2025-03-04 16:58:12.5469 | INFO | Microsoft.Hosting.Lifetime | Content root path: E:\GreetingCLone\GreetingApp_-2115500120-\HelloGreetingApplication\ 
2025-03-04 16:58:13.4062 | INFO | Microsoft.AspNetCore.Hosting.Diagnostics | Request starting HTTP/2 GET https://localhost:7193/swagger/index.html - - 
2025-03-04 16:58:13.9749 | INFO | Microsoft.AspNetCore.Hosting.Diagnostics | Request finished HTTP/2 GET https://localhost:7193/swagger/index.html - - - 200 - text/html;charset=utf-8 570.9602ms 
2025-03-04 16:58:14.0004 | INFO | Microsoft.AspNetCore.Hosting.Diagnostics | Request starting HTTP/2 GET https://localhost:7193/_framework/aspnetcore-browser-refresh.js - - 
2025-03-04 16:58:14.0004 | INFO | Microsoft.AspNetCore.Hosting.Diagnostics | Request starting HTTP/2 GET https://localhost:7193/swagger/index.js - - 
2025-03-04 16:58:14.0004 | INFO | Microsoft.AspNetCore.Hosting.Diagnostics | Request finished HTTP/2 GET https://localhost:7193/swagger/index.js - - - 200 - application/javascript;charset=utf-8 3.2813ms 
2025-03-04 16:58:14.0097 | INFO | Microsoft.AspNetCore.Hosting.Diagnostics | Request finished HTTP/2 GET https://localhost:7193/_framework/aspnetcore-browser-refresh.js - - - 200 12380 application/javascript;+charset=utf-8 9.2270ms 
2025-03-04 16:58:14.5099 | INFO | Microsoft.AspNetCore.Hosting.Diagnostics | Request starting HTTP/2 GET https://localhost:7193/_vs/browserLink - - 
2025-03-04 16:58:14.6555 | INFO | Microsoft.AspNetCore.Hosting.Diagnostics | Request finished HTTP/2 GET https://localhost:7193/_vs/browserLink - - - 200 - text/javascript;+charset=UTF-8 145.9902ms 
2025-03-04 16:58:15.7448 | INFO | Microsoft.AspNetCore.Hosting.Diagnostics | Request starting HTTP/2 GET https://localhost:7193/swagger/v1/swagger.json - - 
2025-03-04 16:58:15.7448 | INFO | Microsoft.AspNetCore.Hosting.Diagnostics | Request finished HTTP/2 GET https://localhost:7193/swagger/v1/swagger.json - - - 200 - application/json;charset=utf-8 9.6112ms 
2025-03-04 16:58:24.7952 | INFO | Microsoft.AspNetCore.Hosting.Diagnostics | Request starting HTTP/2 GET https://localhost:7193/HelloGreeting/GreetingMessage - - 
2025-03-04 16:58:24.8226 | INFO | Microsoft.AspNetCore.Routing.EndpointMiddleware | Executing endpoint 'HelloGreetingApplication.Controllers.HelloGreetingController.GetGreetingMessage (HelloGreetingApplication)' 
2025-03-04 16:58:24.8412 | INFO | Microsoft.AspNetCore.Mvc.Infrastructure.ControllerActionInvoker | Route matched with {action = "GetGreetingMessage", controller = "HelloGreeting"}. Executing controller action with signature Microsoft.AspNetCore.Mvc.IActionResult GetGreetingMessage() on controller HelloGreetingApplication.Controllers.HelloGreetingController (HelloGreetingApplication). 
2025-03-04 16:58:24.8577 | INFO | Microsoft.AspNetCore.Mvc.Infrastructure.ObjectResultExecutor | Executing OkObjectResult, writing value of type 'ModelLayer.Model.ResponseModel`1[[System.String, System.Private.CoreLib, Version=6.0.0.0, Culture=neutral, PublicKeyToken=7cec85d7bea7798e]]'. 
2025-03-04 16:58:24.8784 | INFO | Microsoft.AspNetCore.Mvc.Infrastructure.ControllerActionInvoker | Executed action HelloGreetingApplication.Controllers.HelloGreetingController.GetGreetingMessage (HelloGreetingApplication) in 23.036ms 
2025-03-04 16:58:24.8784 | INFO | Microsoft.AspNetCore.Routing.EndpointMiddleware | Executed endpoint 'HelloGreetingApplication.Controllers.HelloGreetingController.GetGreetingMessage (HelloGreetingApplication)' 
2025-03-04 16:58:24.8784 | INFO | Microsoft.AspNetCore.Hosting.Diagnostics | Request finished HTTP/2 GET https://localhost:7193/HelloGreeting/GreetingMessage - - - 200 - application/json;+charset=utf-8 78.6041ms 
2025-03-04 16:58:50.5677 | INFO | Microsoft.Hosting.Lifetime | Application is shutting down... 
2025-03-04 21:01:01.8889 | INFO | HelloGreetingApplication.Program | Application Starting... 
2025-03-04 21:01:03.0750 | INFO | Microsoft.Hosting.Lifetime | Now listening on: https://localhost:7193 
2025-03-04 21:01:03.0750 | INFO | Microsoft.Hosting.Lifetime | Now listening on: http://localhost:5161 
2025-03-04 21:01:03.1416 | INFO | Microsoft.Hosting.Lifetime | Application started. Press Ctrl+C to shut down. 
2025-03-04 21:01:03.1416 | INFO | Microsoft.Hosting.Lifetime | Hosting environment: Development 
2025-03-04 21:01:03.1416 | INFO | Microsoft.Hosting.Lifetime | Content root path: E:\GreetingCLone\GreetingApp_-2115500120-\HelloGreetingApplication\ 
2025-03-04 21:01:03.9730 | INFO | Microsoft.AspNetCore.Hosting.Diagnostics | Request starting HTTP/2 GET https://localhost:7193/swagger/index.html - - 
2025-03-04 21:01:04.5080 | INFO | Microsoft.AspNetCore.Hosting.Diagnostics | Request finished HTTP/2 GET https://localhost:7193/swagger/index.html - - - 200 - text/html;charset=utf-8 550.1768ms 
2025-03-04 21:01:04.6097 | INFO | Microsoft.AspNetCore.Hosting.Diagnostics | Request starting HTTP/2 GET https://localhost:7193/_framework/aspnetcore-browser-refresh.js - - 
2025-03-04 21:01:04.6279 | INFO | Microsoft.AspNetCore.Hosting.Diagnostics | Request starting HTTP/2 GET https://localhost:7193/swagger/index.js - - 
2025-03-04 21:01:04.6348 | INFO | Microsoft.AspNetCore.Hosting.Diagnostics | Request finished HTTP/2 GET https://localhost:7193/_framework/aspnetcore-browser-refresh.js - - - 200 12380 application/javascript;+charset=utf-8 25.1415ms 
2025-03-04 21:01:04.6348 | INFO | Microsoft.AspNetCore.Hosting.Diagnostics | Request finished HTTP/2 GET https://localhost:7193/swagger/index.js - - - 200 - application/javascript;charset=utf-8 7.4845ms 
2025-03-04 21:01:04.9284 | INFO | Microsoft.AspNetCore.Hosting.Diagnostics | Request starting HTTP/2 GET https://localhost:7193/_vs/browserLink - - 
2025-03-04 21:01:05.0644 | INFO | Microsoft.AspNetCore.Hosting.Diagnostics | Request finished HTTP/2 GET https://localhost:7193/_vs/browserLink - - - 200 - text/javascript;+charset=UTF-8 135.9886ms 
2025-03-04 21:01:06.1461 | INFO | Microsoft.AspNetCore.Hosting.Diagnostics | Request starting HTTP/2 GET https://localhost:7193/swagger/v1/swagger.json - - 
2025-03-04 21:01:06.1466 | INFO | Microsoft.AspNetCore.Hosting.Diagnostics | Request finished HTTP/2 GET https://localhost:7193/swagger/v1/swagger.json - - - 200 - application/json;charset=utf-8 10.5239ms 
2025-03-04 21:02:17.8905 | INFO | Microsoft.AspNetCore.Hosting.Diagnostics | Request starting HTTP/2 GET https://localhost:7193/HelloGreeting/GreetingMessageUser?firstName=Rishabh&lastName=Kushwah - - 
2025-03-04 21:02:17.9013 | INFO | Microsoft.AspNetCore.Routing.EndpointMiddleware | Executing endpoint 'HelloGreetingApplication.Controllers.HelloGreetingController.GetGreetingMessageUser (HelloGreetingApplication)' 
2025-03-04 21:02:17.9403 | INFO | Microsoft.AspNetCore.Mvc.Infrastructure.ControllerActionInvoker | Route matched with {action = "GetGreetingMessageUser", controller = "HelloGreeting"}. Executing controller action with signature Microsoft.AspNetCore.Mvc.IActionResult GetGreetingMessageUser(System.String, System.String) on controller HelloGreetingApplication.Controllers.HelloGreetingController (HelloGreetingApplication). 
2025-03-04 21:02:17.9760 | INFO | Microsoft.AspNetCore.Mvc.Infrastructure.ObjectResultExecutor | Executing OkObjectResult, writing value of type 'ModelLayer.Model.ResponseModel`1[[System.String, System.Private.CoreLib, Version=6.0.0.0, Culture=neutral, PublicKeyToken=7cec85d7bea7798e]]'. 
2025-03-04 21:02:17.9904 | INFO | Microsoft.AspNetCore.Mvc.Infrastructure.ControllerActionInvoker | Executed action HelloGreetingApplication.Controllers.HelloGreetingController.GetGreetingMessageUser (HelloGreetingApplication) in 44.5211ms 
2025-03-04 21:02:17.9904 | INFO | Microsoft.AspNetCore.Routing.EndpointMiddleware | Executed endpoint 'HelloGreetingApplication.Controllers.HelloGreetingController.GetGreetingMessageUser (HelloGreetingApplication)' 
2025-03-04 21:02:17.9904 | INFO | Microsoft.AspNetCore.Hosting.Diagnostics | Request finished HTTP/2 GET https://localhost:7193/HelloGreeting/GreetingMessageUser?firstName=Rishabh&lastName=Kushwah - - - 200 - application/json;+charset=utf-8 99.0463ms 
2025-03-04 21:02:57.4588 | INFO | Microsoft.AspNetCore.Hosting.Diagnostics | Request starting HTTP/2 GET https://localhost:7193/HelloGreeting/GreetingMessage - - 
2025-03-04 21:02:57.4588 | INFO | Microsoft.AspNetCore.Routing.EndpointMiddleware | Executing endpoint 'HelloGreetingApplication.Controllers.HelloGreetingController.GetGreetingMessage (HelloGreetingApplication)' 
2025-03-04 21:02:57.4588 | INFO | Microsoft.AspNetCore.Mvc.Infrastructure.ControllerActionInvoker | Route matched with {action = "GetGreetingMessage", controller = "HelloGreeting"}. Executing controller action with signature Microsoft.AspNetCore.Mvc.IActionResult GetGreetingMessage() on controller HelloGreetingApplication.Controllers.HelloGreetingController (HelloGreetingApplication). 
2025-03-04 21:02:57.4588 | INFO | Microsoft.AspNetCore.Mvc.Infrastructure.ObjectResultExecutor | Executing OkObjectResult, writing value of type 'ModelLayer.Model.ResponseModel`1[[System.String, System.Private.CoreLib, Version=6.0.0.0, Culture=neutral, PublicKeyToken=7cec85d7bea7798e]]'. 
2025-03-04 21:02:57.4588 | INFO | Microsoft.AspNetCore.Mvc.Infrastructure.ControllerActionInvoker | Executed action HelloGreetingApplication.Controllers.HelloGreetingController.GetGreetingMessage (HelloGreetingApplication) in 2.0461ms 
2025-03-04 21:02:57.4588 | INFO | Microsoft.AspNetCore.Routing.EndpointMiddleware | Executed endpoint 'HelloGreetingApplication.Controllers.HelloGreetingController.GetGreetingMessage (HelloGreetingApplication)' 
2025-03-04 21:02:57.4588 | INFO | Microsoft.AspNetCore.Hosting.Diagnostics | Request finished HTTP/2 GET https://localhost:7193/HelloGreeting/GreetingMessage - - - 200 - application/json;+charset=utf-8 10.1962ms 
2025-03-04 21:03:40.1213 | INFO | Microsoft.Hosting.Lifetime | Application is shutting down... 
2025-03-04 21:16:57.1353 | INFO | HelloGreetingApplication.Program | Application Starting... 
2025-03-04 21:16:58.0782 | INFO | Microsoft.Hosting.Lifetime | Now listening on: https://localhost:7193 
2025-03-04 21:16:58.0782 | INFO | Microsoft.Hosting.Lifetime | Now listening on: http://localhost:5161 
2025-03-04 21:16:58.1401 | INFO | Microsoft.Hosting.Lifetime | Application started. Press Ctrl+C to shut down. 
2025-03-04 21:16:58.1401 | INFO | Microsoft.Hosting.Lifetime | Hosting environment: Development 
2025-03-04 21:16:58.1401 | INFO | Microsoft.Hosting.Lifetime | Content root path: E:\GreetingCLone\GreetingApp_-2115500120-\HelloGreetingApplication\ 
2025-03-04 21:16:58.8507 | INFO | Microsoft.AspNetCore.Hosting.Diagnostics | Request starting HTTP/2 GET https://localhost:7193/swagger/index.html - - 
2025-03-04 21:16:59.1726 | INFO | Microsoft.AspNetCore.Hosting.Diagnostics | Request finished HTTP/2 GET https://localhost:7193/swagger/index.html - - - 200 - text/html;charset=utf-8 330.6136ms 
2025-03-04 21:16:59.2120 | INFO | Microsoft.AspNetCore.Hosting.Diagnostics | Request starting HTTP/2 GET https://localhost:7193/swagger/index.css - - 
2025-03-04 21:16:59.2120 | INFO | Microsoft.AspNetCore.Hosting.Diagnostics | Request starting HTTP/2 GET https://localhost:7193/swagger/swagger-ui.css - - 
2025-03-04 21:16:59.2120 | INFO | Microsoft.AspNetCore.Hosting.Diagnostics | Request starting HTTP/2 GET https://localhost:7193/swagger/swagger-ui-bundle.js - - 
2025-03-04 21:16:59.2120 | INFO | Microsoft.AspNetCore.Hosting.Diagnostics | Request starting HTTP/2 GET https://localhost:7193/_framework/aspnetcore-browser-refresh.js - - 
2025-03-04 21:16:59.2120 | INFO | Microsoft.AspNetCore.Hosting.Diagnostics | Request starting HTTP/2 GET https://localhost:7193/swagger/index.js - - 
2025-03-04 21:16:59.2120 | INFO | Microsoft.AspNetCore.Hosting.Diagnostics | Request starting HTTP/2 GET https://localhost:7193/swagger/swagger-ui-standalone-preset.js - - 
2025-03-04 21:16:59.2120 | INFO | Microsoft.AspNetCore.Hosting.Diagnostics | Request finished HTTP/2 GET https://localhost:7193/_framework/aspnetcore-browser-refresh.js - - - 200 12380 application/javascript;+charset=utf-8 7.6413ms 
2025-03-04 21:16:59.2120 | INFO | Microsoft.AspNetCore.Hosting.Diagnostics | Request finished HTTP/2 GET https://localhost:7193/swagger/index.js - - - 200 - application/javascript;charset=utf-8 7.5459ms 
2025-03-04 21:16:59.2302 | INFO | Microsoft.AspNetCore.StaticFiles.StaticFileMiddleware | The file /swagger-ui-bundle.js was not modified 
2025-03-04 21:16:59.2302 | INFO | Microsoft.AspNetCore.StaticFiles.StaticFileMiddleware | The file /index.css was not modified 
2025-03-04 21:16:59.2302 | INFO | Microsoft.AspNetCore.StaticFiles.StaticFileMiddleware | The file /swagger-ui.css was not modified 
2025-03-04 21:16:59.2302 | INFO | Microsoft.AspNetCore.StaticFiles.StaticFileMiddleware | The file /swagger-ui-standalone-preset.js was not modified 
2025-03-04 21:16:59.2302 | INFO | Microsoft.AspNetCore.Hosting.Diagnostics | Request finished HTTP/2 GET https://localhost:7193/swagger/swagger-ui.css - - - 304 - text/css 21.3079ms 
2025-03-04 21:16:59.2302 | INFO | Microsoft.AspNetCore.Hosting.Diagnostics | Request finished HTTP/2 GET https://localhost:7193/swagger/swagger-ui-standalone-preset.js - - - 304 - application/javascript 21.2889ms 
2025-03-04 21:16:59.2302 | INFO | Microsoft.AspNetCore.Hosting.Diagnostics | Request finished HTTP/2 GET https://localhost:7193/swagger/swagger-ui-bundle.js - - - 304 - application/javascript 22.3081ms 
2025-03-04 21:16:59.2302 | INFO | Microsoft.AspNetCore.Hosting.Diagnostics | Request finished HTTP/2 GET https://localhost:7193/swagger/index.css - - - 304 - text/css 23.1960ms 
2025-03-04 21:16:59.6827 | INFO | Microsoft.AspNetCore.Hosting.Diagnostics | Request starting HTTP/2 GET https://localhost:7193/_vs/browserLink - - 
2025-03-04 21:16:59.7330 | INFO | Microsoft.AspNetCore.Hosting.Diagnostics | Request finished HTTP/2 GET https://localhost:7193/_vs/browserLink - - - 200 - text/javascript;+charset=UTF-8 50.1963ms 
2025-03-04 21:17:01.0471 | INFO | Microsoft.AspNetCore.Hosting.Diagnostics | Request starting HTTP/2 GET https://localhost:7193/swagger/v1/swagger.json - - 
2025-03-04 21:17:01.0585 | INFO | Microsoft.AspNetCore.Hosting.Diagnostics | Request finished HTTP/2 GET https://localhost:7193/swagger/v1/swagger.json - - - 200 - application/json;charset=utf-8 11.4065ms 
2025-03-04 21:17:06.8187 | INFO | Microsoft.AspNetCore.Hosting.Diagnostics | Request starting HTTP/2 GET https://localhost:7193/HelloGreeting/GreetingMessageUser - - 
2025-03-04 21:17:06.8369 | INFO | Microsoft.AspNetCore.Routing.EndpointMiddleware | Executing endpoint 'HelloGreetingApplication.Controllers.HelloGreetingController.GetGreetingMessageUser (HelloGreetingApplication)' 
2025-03-04 21:17:06.8710 | INFO | Microsoft.AspNetCore.Mvc.Infrastructure.ControllerActionInvoker | Route matched with {action = "GetGreetingMessageUser", controller = "HelloGreeting"}. Executing controller action with signature Microsoft.AspNetCore.Mvc.IActionResult GetGreetingMessageUser(System.String, System.String) on controller HelloGreetingApplication.Controllers.HelloGreetingController (HelloGreetingApplication). 
2025-03-04 21:17:06.9013 | INFO | Microsoft.AspNetCore.Mvc.Infrastructure.ObjectResultExecutor | Executing OkObjectResult, writing value of type 'ModelLayer.Model.ResponseModel`1[[System.String, System.Private.CoreLib, Version=6.0.0.0, Culture=neutral, PublicKeyToken=7cec85d7bea7798e]]'. 
2025-03-04 21:17:06.9013 | INFO | Microsoft.AspNetCore.Mvc.Infrastructure.ControllerActionInvoker | Executed action HelloGreetingApplication.Controllers.HelloGreetingController.GetGreetingMessageUser (HelloGreetingApplication) in 31.8959ms 
2025-03-04 21:17:06.9013 | INFO | Microsoft.AspNetCore.Routing.EndpointMiddleware | Executed endpoint 'HelloGreetingApplication.Controllers.HelloGreetingController.GetGreetingMessageUser (HelloGreetingApplication)' 
2025-03-04 21:17:06.9013 | INFO | Microsoft.AspNetCore.Hosting.Diagnostics | Request finished HTTP/2 GET https://localhost:7193/HelloGreeting/GreetingMessageUser - - - 200 - application/json;+charset=utf-8 86.7484ms 
2025-03-04 21:17:20.2034 | INFO | Microsoft.Hosting.Lifetime | Application is shutting down... 
2025-03-06 17:02:10.0940 | INFO | HelloGreetingApplication.Program | Application Starting... 
2025-03-06 17:02:10.5769 | ERROR | HelloGreetingApplication.Program | Application stopped due to an exception. System.InvalidOperationException: Error while validating the service descriptor 'ServiceType: BusinessLayer.Interface.IGreetingBL Lifetime: Scoped ImplementationType: BusinessLayer.Service.GreetingBL': Unable to resolve service for type 'RepositoryLayer.Interface.IGreetingRL' while attempting to activate 'BusinessLayer.Service.GreetingBL'.
 ---> System.InvalidOperationException: Unable to resolve service for type 'RepositoryLayer.Interface.IGreetingRL' while attempting to activate 'BusinessLayer.Service.GreetingBL'.
   at Microsoft.Extensions.DependencyInjection.ServiceLookup.CallSiteFactory.CreateArgumentCallSites(Type implementationType, CallSiteChain callSiteChain, ParameterInfo[] parameters, Boolean throwIfCallSiteNotFound)
   at Microsoft.Extensions.DependencyInjection.ServiceLookup.CallSiteFactory.CreateConstructorCallSite(ResultCache lifetime, Type serviceType, Type implementationType, CallSiteChain callSiteChain)
   at Microsoft.Extensions.DependencyInjection.ServiceLookup.CallSiteFactory.TryCreateExact(ServiceDescriptor descriptor, Type serviceType, CallSiteChain callSiteChain, Int32 slot)
   at Microsoft.Extensions.DependencyInjection.ServiceLookup.CallSiteFactory.GetCallSite(ServiceDescriptor serviceDescriptor, CallSiteChain callSiteChain)
   at Microsoft.Extensions.DependencyInjection.ServiceProvider.ValidateService(ServiceDescriptor descriptor)
   --- End of inner exception stack trace ---
   at Microsoft.Extensions.DependencyInjection.ServiceProvider.ValidateService(ServiceDescriptor descriptor)
   at Microsoft.Extensions.DependencyInjection.ServiceProvider..ctor(ICollection`1 serviceDescriptors, ServiceProviderOptions options)
2025-03-06 17:06:01.0697 | INFO | HelloGreetingApplication.Program | Application Starting... 
2025-03-06 17:06:01.2454 | ERROR | HelloGreetingApplication.Program | Application stopped due to an exception. Microsoft.Extensions.Hosting.HostFactoryResolver+HostingListener+StopTheHostException: Exception of type 'Microsoft.Extensions.Hosting.HostFactoryResolver+HostingListener+StopTheHostException' was thrown.
   at Microsoft.Extensions.Hosting.HostFactoryResolver.HostingListener.OnNext(KeyValuePair`2 value)
   at System.Diagnostics.DiagnosticListener.Write(String name, Object value)
   at Microsoft.Extensions.Hosting.HostBuilder.Build()
   at Microsoft.AspNetCore.Builder.WebApplicationBuilder.Build()
   at Program.<Main>$(String[] args) in E:\GreetingCLone\GreetingApp_-2115500120-\HelloGreetingApplication\Program.cs:line 35
2025-03-06 17:06:33.6923 | INFO | HelloGreetingApplication.Program | Application Starting... 
2025-03-06 17:06:33.7836 | ERROR | HelloGreetingApplication.Program | Application stopped due to an exception. Microsoft.Extensions.Hosting.HostFactoryResolver+HostingListener+StopTheHostException: Exception of type 'Microsoft.Extensions.Hosting.HostFactoryResolver+HostingListener+StopTheHostException' was thrown.
   at Microsoft.Extensions.Hosting.HostFactoryResolver.HostingListener.OnNext(KeyValuePair`2 value)
   at System.Diagnostics.DiagnosticListener.Write(String name, Object value)
   at Microsoft.Extensions.Hosting.HostBuilder.Build()
   at Microsoft.AspNetCore.Builder.WebApplicationBuilder.Build()
   at Program.<Main>$(String[] args) in E:\GreetingCLone\GreetingApp_-2115500120-\HelloGreetingApplication\Program.cs:line 35
2025-03-06 17:10:41.0946 | INFO | HelloGreetingApplication.Program | Application Starting... 
2025-03-06 17:10:43.2642 | INFO | Microsoft.Hosting.Lifetime | Now listening on: https://localhost:7193 
2025-03-06 17:10:43.2642 | INFO | Microsoft.Hosting.Lifetime | Now listening on: http://localhost:5161 
2025-03-06 17:10:43.3439 | INFO | Microsoft.Hosting.Lifetime | Application started. Press Ctrl+C to shut down. 
2025-03-06 17:10:43.3439 | INFO | Microsoft.Hosting.Lifetime | Hosting environment: Development 
2025-03-06 17:10:43.3439 | INFO | Microsoft.Hosting.Lifetime | Content root path: E:\GreetingCLone\GreetingApp_-2115500120-\HelloGreetingApplication\ 
2025-03-06 17:10:44.5136 | INFO | Microsoft.AspNetCore.Hosting.Diagnostics | Request starting HTTP/2 GET https://localhost:7193/swagger/index.html - - 
2025-03-06 17:10:44.9806 | INFO | Microsoft.AspNetCore.Hosting.Diagnostics | Request finished HTTP/2 GET https://localhost:7193/swagger/index.html - - - 200 - text/html;charset=utf-8 485.7972ms 
2025-03-06 17:10:45.0311 | INFO | Microsoft.AspNetCore.Hosting.Diagnostics | Request starting HTTP/2 GET https://localhost:7193/swagger/index.js - - 
2025-03-06 17:10:45.0311 | INFO | Microsoft.AspNetCore.Hosting.Diagnostics | Request starting HTTP/2 GET https://localhost:7193/_framework/aspnetcore-browser-refresh.js - - 
2025-03-06 17:10:45.0311 | INFO | Microsoft.AspNetCore.Hosting.Diagnostics | Request starting HTTP/2 GET https://localhost:7193/swagger/swagger-ui-bundle.js - - 
2025-03-06 17:10:45.0311 | INFO | Microsoft.AspNetCore.Hosting.Diagnostics | Request starting HTTP/2 GET https://localhost:7193/swagger/index.css - - 
2025-03-06 17:10:45.0311 | INFO | Microsoft.AspNetCore.Hosting.Diagnostics | Request starting HTTP/2 GET https://localhost:7193/swagger/swagger-ui.css - - 
2025-03-06 17:10:45.0311 | INFO | Microsoft.AspNetCore.Hosting.Diagnostics | Request starting HTTP/2 GET https://localhost:7193/swagger/swagger-ui-standalone-preset.js - - 
2025-03-06 17:10:45.0419 | INFO | Microsoft.AspNetCore.Hosting.Diagnostics | Request finished HTTP/2 GET https://localhost:7193/_framework/aspnetcore-browser-refresh.js - - - 200 12380 application/javascript;+charset=utf-8 16.7453ms 
2025-03-06 17:10:45.1422 | INFO | Microsoft.AspNetCore.Hosting.Diagnostics | Request finished HTTP/2 GET https://localhost:7193/swagger/index.js - - - 200 - application/javascript;charset=utf-8 111.0693ms 
2025-03-06 17:10:45.1422 | INFO | Microsoft.AspNetCore.StaticFiles.StaticFileMiddleware | The file /swagger-ui-standalone-preset.js was not modified 
2025-03-06 17:10:45.1422 | INFO | Microsoft.AspNetCore.StaticFiles.StaticFileMiddleware | The file /swagger-ui-bundle.js was not modified 
2025-03-06 17:10:45.1422 | INFO | Microsoft.AspNetCore.StaticFiles.StaticFileMiddleware | The file /swagger-ui.css was not modified 
2025-03-06 17:10:45.1422 | INFO | Microsoft.AspNetCore.StaticFiles.StaticFileMiddleware | The file /index.css was not modified 
2025-03-06 17:10:45.1538 | INFO | Microsoft.AspNetCore.Hosting.Diagnostics | Request finished HTTP/2 GET https://localhost:7193/swagger/swagger-ui-standalone-preset.js - - - 304 - application/javascript 122.1665ms 
2025-03-06 17:10:45.1538 | INFO | Microsoft.AspNetCore.Hosting.Diagnostics | Request finished HTTP/2 GET https://localhost:7193/swagger/swagger-ui-bundle.js - - - 304 - application/javascript 123.1768ms 
2025-03-06 17:10:45.1538 | INFO | Microsoft.AspNetCore.Hosting.Diagnostics | Request finished HTTP/2 GET https://localhost:7193/swagger/swagger-ui.css - - - 304 - text/css 123.3606ms 
2025-03-06 17:10:45.1538 | INFO | Microsoft.AspNetCore.Hosting.Diagnostics | Request finished HTTP/2 GET https://localhost:7193/swagger/index.css - - - 304 - text/css 123.3904ms 
2025-03-06 17:10:45.3440 | INFO | Microsoft.AspNetCore.Hosting.Diagnostics | Request starting HTTP/2 GET https://localhost:7193/_vs/browserLink - - 
2025-03-06 17:10:45.4910 | INFO | Microsoft.AspNetCore.Hosting.Diagnostics | Request finished HTTP/2 GET https://localhost:7193/_vs/browserLink - - - 200 - text/javascript;+charset=UTF-8 146.9485ms 
2025-03-06 17:10:46.3626 | INFO | Microsoft.AspNetCore.Hosting.Diagnostics | Request starting HTTP/2 GET https://localhost:7193/swagger/v1/swagger.json - - 
2025-03-06 17:10:46.3693 | INFO | Microsoft.AspNetCore.Hosting.Diagnostics | Request finished HTTP/2 GET https://localhost:7193/swagger/v1/swagger.json - - - 200 - application/json;charset=utf-8 6.6811ms 
2025-03-06 17:12:25.3602 | INFO | Microsoft.Hosting.Lifetime | Application is shutting down... 
2025-03-06 17:13:53.5195 | INFO | HelloGreetingApplication.Program | Application Starting... 
2025-03-06 17:13:54.8971 | INFO | Microsoft.Hosting.Lifetime | Now listening on: https://localhost:7193 
2025-03-06 17:13:54.8971 | INFO | Microsoft.Hosting.Lifetime | Now listening on: http://localhost:5161 
2025-03-06 17:13:54.9539 | INFO | Microsoft.Hosting.Lifetime | Application started. Press Ctrl+C to shut down. 
2025-03-06 17:13:54.9539 | INFO | Microsoft.Hosting.Lifetime | Hosting environment: Development 
2025-03-06 17:13:54.9539 | INFO | Microsoft.Hosting.Lifetime | Content root path: E:\GreetingCLone\GreetingApp_-2115500120-\HelloGreetingApplication\ 
2025-03-06 17:13:55.5939 | INFO | Microsoft.AspNetCore.Hosting.Diagnostics | Request starting HTTP/2 GET https://localhost:7193/swagger/index.html - - 
2025-03-06 17:13:56.1261 | INFO | Microsoft.AspNetCore.Hosting.Diagnostics | Request finished HTTP/2 GET https://localhost:7193/swagger/index.html - - - 200 - text/html;charset=utf-8 534.9054ms 
2025-03-06 17:13:56.1456 | INFO | Microsoft.AspNetCore.Hosting.Diagnostics | Request starting HTTP/2 GET https://localhost:7193/_framework/aspnetcore-browser-refresh.js - - 
2025-03-06 17:13:56.1456 | INFO | Microsoft.AspNetCore.Hosting.Diagnostics | Request starting HTTP/2 GET https://localhost:7193/swagger/index.js - - 
2025-03-06 17:13:56.1802 | INFO | Microsoft.AspNetCore.Hosting.Diagnostics | Request finished HTTP/2 GET https://localhost:7193/swagger/index.js - - - 200 - application/javascript;charset=utf-8 34.4374ms 
2025-03-06 17:13:56.1893 | INFO | Microsoft.AspNetCore.Hosting.Diagnostics | Request finished HTTP/2 GET https://localhost:7193/_framework/aspnetcore-browser-refresh.js - - - 200 12380 application/javascript;+charset=utf-8 43.7187ms 
2025-03-06 17:13:56.6126 | INFO | Microsoft.AspNetCore.Hosting.Diagnostics | Request starting HTTP/2 GET https://localhost:7193/_vs/browserLink - - 
2025-03-06 17:13:56.7598 | INFO | Microsoft.AspNetCore.Hosting.Diagnostics | Request finished HTTP/2 GET https://localhost:7193/_vs/browserLink - - - 200 - text/javascript;+charset=UTF-8 147.1768ms 
2025-03-06 17:13:57.7194 | INFO | Microsoft.AspNetCore.Hosting.Diagnostics | Request starting HTTP/2 GET https://localhost:7193/swagger/v1/swagger.json - - 
2025-03-06 17:13:57.7308 | INFO | Microsoft.AspNetCore.Hosting.Diagnostics | Request finished HTTP/2 GET https://localhost:7193/swagger/v1/swagger.json - - - 200 - application/json;charset=utf-8 11.3566ms 
2025-03-06 17:17:17.5220 | INFO | Microsoft.AspNetCore.Hosting.Diagnostics | Request starting HTTP/1.1 DELETE https://localhost:7193/HelloGreeting/SaveGreeting application/json 38 
2025-03-06 17:17:17.5366 | INFO | Microsoft.AspNetCore.Routing.EndpointMiddleware | Executing endpoint 'HelloGreetingApplication.Controllers.HelloGreetingController.Delete (HelloGreetingApplication)' 
2025-03-06 17:17:17.5762 | INFO | Microsoft.AspNetCore.Mvc.Infrastructure.ControllerActionInvoker | Route matched with {action = "Delete", controller = "HelloGreeting"}. Executing controller action with signature Microsoft.AspNetCore.Mvc.IActionResult Delete(System.String) on controller HelloGreetingApplication.Controllers.HelloGreetingController (HelloGreetingApplication). 
2025-03-06 17:17:18.3525 | INFO | Microsoft.AspNetCore.Mvc.Infrastructure.ObjectResultExecutor | Executing NotFoundObjectResult, writing value of type 'ModelLayer.Model.ResponseModel`1[[System.String, System.Private.CoreLib, Version=6.0.0.0, Culture=neutral, PublicKeyToken=7cec85d7bea7798e]]'. 
2025-03-06 17:17:18.3645 | INFO | Microsoft.AspNetCore.Mvc.Infrastructure.ControllerActionInvoker | Executed action HelloGreetingApplication.Controllers.HelloGreetingController.Delete (HelloGreetingApplication) in 780.5542ms 
2025-03-06 17:17:18.3645 | INFO | Microsoft.AspNetCore.Routing.EndpointMiddleware | Executed endpoint 'HelloGreetingApplication.Controllers.HelloGreetingController.Delete (HelloGreetingApplication)' 
2025-03-06 17:17:18.3645 | INFO | Microsoft.AspNetCore.Hosting.Diagnostics | Request finished HTTP/1.1 DELETE https://localhost:7193/HelloGreeting/SaveGreeting application/json 38 - 404 - application/json;+charset=utf-8 847.0407ms 
2025-03-06 17:17:44.9664 | INFO | Microsoft.AspNetCore.Hosting.Diagnostics | Request starting HTTP/1.1 POST https://localhost:7193/HelloGreeting/SaveGreeting application/json 38 
2025-03-06 17:17:44.9664 | INFO | Microsoft.AspNetCore.Routing.EndpointMiddleware | Executing endpoint 'HelloGreetingApplication.Controllers.HelloGreetingController.SaveGreetingMessage (HelloGreetingApplication)' 
2025-03-06 17:17:44.9664 | INFO | Microsoft.AspNetCore.Mvc.Infrastructure.ControllerActionInvoker | Route matched with {action = "SaveGreetingMessage", controller = "HelloGreeting"}. Executing controller action with signature Microsoft.AspNetCore.Mvc.IActionResult SaveGreetingMessage(ModelLayer.Model.GetGreetingMessage) on controller HelloGreetingApplication.Controllers.HelloGreetingController (HelloGreetingApplication). 
2025-03-06 17:17:46.0056 | INFO | Microsoft.EntityFrameworkCore.Infrastructure | Entity Framework Core 6.0.36 initialized 'HelloGreetingDbContext' using provider 'Microsoft.EntityFrameworkCore.SqlServer:6.0.36' with options: None 
2025-03-06 17:17:47.1733 | INFO | Microsoft.EntityFrameworkCore.Database.Command | Executed DbCommand (150ms) [Parameters=[@p0='?' (Size = 4000)], CommandType='Text', CommandTimeout='30']
SET NOCOUNT ON;
INSERT INTO [GetGreetingMessages] ([Message])
VALUES (@p0);
SELECT [Id]
FROM [GetGreetingMessages]
WHERE @@ROWCOUNT = 1 AND [Id] = scope_identity(); 
2025-03-06 17:17:47.2732 | INFO | Microsoft.AspNetCore.Mvc.Infrastructure.ObjectResultExecutor | Executing OkObjectResult, writing value of type 'ModelLayer.Model.ResponseModel`1[[System.String, System.Private.CoreLib, Version=6.0.0.0, Culture=neutral, PublicKeyToken=7cec85d7bea7798e]]'. 
2025-03-06 17:17:47.2732 | INFO | Microsoft.AspNetCore.Mvc.Infrastructure.ControllerActionInvoker | Executed action HelloGreetingApplication.Controllers.HelloGreetingController.SaveGreetingMessage (HelloGreetingApplication) in 2300.7919ms 
2025-03-06 17:17:47.2732 | INFO | Microsoft.AspNetCore.Routing.EndpointMiddleware | Executed endpoint 'HelloGreetingApplication.Controllers.HelloGreetingController.SaveGreetingMessage (HelloGreetingApplication)' 
2025-03-06 17:17:47.2732 | INFO | Microsoft.AspNetCore.Hosting.Diagnostics | Request finished HTTP/1.1 POST https://localhost:7193/HelloGreeting/SaveGreeting application/json 38 - 200 - application/json;+charset=utf-8 2316.3357ms 
2025-03-06 21:53:12.3821 | INFO | HelloGreetingApplication.Program | Application Starting... 
2025-03-06 21:53:13.5716 | INFO | Microsoft.Hosting.Lifetime | Now listening on: https://localhost:7193 
2025-03-06 21:53:13.5716 | INFO | Microsoft.Hosting.Lifetime | Now listening on: http://localhost:5161 
2025-03-06 21:53:13.6247 | INFO | Microsoft.Hosting.Lifetime | Application started. Press Ctrl+C to shut down. 
2025-03-06 21:53:13.6247 | INFO | Microsoft.Hosting.Lifetime | Hosting environment: Development 
2025-03-06 21:53:13.6247 | INFO | Microsoft.Hosting.Lifetime | Content root path: E:\GreetingCLone\GreetingApp_-2115500120-\HelloGreetingApplication\ 
2025-03-06 21:53:14.4458 | INFO | Microsoft.AspNetCore.Hosting.Diagnostics | Request starting HTTP/2 GET https://localhost:7193/swagger/index.html - - 
2025-03-06 21:53:14.9452 | INFO | Microsoft.AspNetCore.Hosting.Diagnostics | Request finished HTTP/2 GET https://localhost:7193/swagger/index.html - - - 200 - text/html;charset=utf-8 502.7175ms 
2025-03-06 21:53:15.0453 | INFO | Microsoft.AspNetCore.Hosting.Diagnostics | Request starting HTTP/2 GET https://localhost:7193/swagger/index.js - - 
2025-03-06 21:53:15.0453 | INFO | Microsoft.AspNetCore.Hosting.Diagnostics | Request starting HTTP/2 GET https://localhost:7193/_framework/aspnetcore-browser-refresh.js - - 
2025-03-06 21:53:15.0453 | INFO | Microsoft.AspNetCore.Hosting.Diagnostics | Request finished HTTP/2 GET https://localhost:7193/swagger/index.js - - - 200 - application/javascript;charset=utf-8 3.9939ms 
2025-03-06 21:53:15.0598 | INFO | Microsoft.AspNetCore.Hosting.Diagnostics | Request finished HTTP/2 GET https://localhost:7193/_framework/aspnetcore-browser-refresh.js - - - 200 12380 application/javascript;+charset=utf-8 14.4784ms 
2025-03-06 21:53:15.3712 | INFO | Microsoft.AspNetCore.Hosting.Diagnostics | Request starting HTTP/2 GET https://localhost:7193/_vs/browserLink - - 
2025-03-06 21:53:15.4644 | INFO | Microsoft.AspNetCore.Hosting.Diagnostics | Request finished HTTP/2 GET https://localhost:7193/_vs/browserLink - - - 200 - text/javascript;+charset=UTF-8 93.1499ms 
2025-03-06 21:53:16.3347 | INFO | Microsoft.AspNetCore.Hosting.Diagnostics | Request starting HTTP/2 GET https://localhost:7193/swagger/v1/swagger.json - - 
2025-03-06 21:53:16.3690 | INFO | Microsoft.AspNetCore.Hosting.Diagnostics | Request finished HTTP/2 GET https://localhost:7193/swagger/v1/swagger.json - - - 200 - application/json;charset=utf-8 43.6622ms 
2025-03-06 21:53:29.5733 | INFO | Microsoft.AspNetCore.Hosting.Diagnostics | Request starting HTTP/2 GET https://localhost:7193/HelloGreeting/GetGreetingById/1 - - 
2025-03-06 21:53:29.5848 | INFO | Microsoft.AspNetCore.Routing.EndpointMiddleware | Executing endpoint 'HelloGreetingApplication.Controllers.HelloGreetingController.GetGreetingById (HelloGreetingApplication)' 
2025-03-06 21:53:29.6197 | INFO | Microsoft.AspNetCore.Mvc.Infrastructure.ControllerActionInvoker | Route matched with {action = "GetGreetingById", controller = "HelloGreeting"}. Executing controller action with signature Microsoft.AspNetCore.Mvc.IActionResult GetGreetingById(Int32) on controller HelloGreetingApplication.Controllers.HelloGreetingController (HelloGreetingApplication). 
2025-03-06 21:53:31.2449 | INFO | Microsoft.EntityFrameworkCore.Infrastructure | Entity Framework Core 6.0.36 initialized 'HelloGreetingDbContext' using provider 'Microsoft.EntityFrameworkCore.SqlServer:6.0.36' with options: None 
2025-03-06 21:53:32.9787 | INFO | Microsoft.EntityFrameworkCore.Database.Command | Executed DbCommand (109ms) [Parameters=[@__id_0='?' (DbType = Int32)], CommandType='Text', CommandTimeout='30']
SELECT TOP(1) [g].[Id], [g].[Message]
FROM [GetGreetingMessages] AS [g]
WHERE [g].[Id] = @__id_0 
2025-03-06 21:53:33.0707 | INFO | Microsoft.AspNetCore.Mvc.Infrastructure.ObjectResultExecutor | Executing OkObjectResult, writing value of type 'ModelLayer.Model.ResponseModel`1[[ModelLayer.Model.GetGreetingMessage, ModelLayer, Version=1.0.0.0, Culture=neutral, PublicKeyToken=null]]'. 
2025-03-06 21:53:33.0841 | INFO | Microsoft.AspNetCore.Mvc.Infrastructure.ControllerActionInvoker | Executed action HelloGreetingApplication.Controllers.HelloGreetingController.GetGreetingById (HelloGreetingApplication) in 3457.5794ms 
2025-03-06 21:53:33.0841 | INFO | Microsoft.AspNetCore.Routing.EndpointMiddleware | Executed endpoint 'HelloGreetingApplication.Controllers.HelloGreetingController.GetGreetingById (HelloGreetingApplication)' 
2025-03-06 21:53:33.0841 | INFO | Microsoft.AspNetCore.Hosting.Diagnostics | Request finished HTTP/2 GET https://localhost:7193/HelloGreeting/GetGreetingById/1 - - - 200 - application/json;+charset=utf-8 3519.3216ms 
